[2026-03-15 19:27:39] MONITOR_START suite_dir=D:\ćˇŚéť˘\CXP\20260311 (2)\20260311\outputs\industrial_xlsx6_unbounded10seed_20260315
[2026-03-15 19:27:39] HEARTBEAT | statuses: pending=3; running=3 | py_ws_gb=10.59 | err_bytes=0
[2026-03-15 19:28:40] HEARTBEAT | statuses: pending=3; running=3 | py_ws_gb=8.98 | err_bytes=0
[2026-03-15 19:29:28] MONITOR_START suite_dir=D:\×ŔĂć\CXP\20260311 (2)\20260311\outputs\industrial_xlsx6_unbounded10seed_20260315
[2026-03-15 19:29:28] HEARTBEAT | statuses: pending=3; running=3 | py_count=8 | py_ws_gb=10.5 | err_bytes=0
[2026-03-15 19:29:41] HEARTBEAT | statuses: pending=3; running=3 | py_ws_gb=10.77 | err_bytes=0
[2026-03-15 19:30:28] HEARTBEAT | statuses: pending=3; running=3 | py_count=8 | py_ws_gb=9.36 | err_bytes=0
[2026-03-15 19:30:41] HEARTBEAT | statuses: pending=3; running=3 | py_ws_gb=9.55 | err_bytes=0
[2026-03-15 19:31:28] HEARTBEAT | statuses: pending=3; running=3 | py_count=8 | py_ws_gb=9.89 | err_bytes=0
[2026-03-15 19:31:42] HEARTBEAT | statuses: pending=3; running=3 | py_ws_gb=9.21 | err_bytes=0
[2026-03-15 19:32:28] HEARTBEAT | statuses: pending=3; running=3 | py_count=8 | py_ws_gb=9.45 | err_bytes=0
[2026-03-15 19:32:43] HEARTBEAT | statuses: pending=3; running=3 | py_ws_gb=9.79 | err_bytes=0
[2026-03-15 19:33:28] HEARTBEAT | statuses: pending=3; running=3 | py_count=8 | py_ws_gb=9.04 | err_bytes=0
[2026-03-15 19:33:44] HEARTBEAT | statuses: pending=3; running=3 | py_ws_gb=9.39 | err_bytes=0
[2026-03-15 19:34:28] HEARTBEAT | statuses: pending=3; running=3 | py_count=8 | py_ws_gb=9.77 | err_bytes=0
[2026-03-15 19:34:44] HEARTBEAT | statuses: pending=3; running=3 | py_ws_gb=10.10 | err_bytes=0
[2026-03-15 19:35:28] HEARTBEAT | statuses: pending=3; running=3 | py_count=8 | py_ws_gb=10.15 | err_bytes=0
[2026-03-15 19:35:45] HEARTBEAT | statuses: pending=3; running=3 | py_ws_gb=9.08 | err_bytes=0
[2026-03-15 19:36:28] HEARTBEAT | statuses: pending=3; running=3 | py_count=8 | py_ws_gb=8.46 | err_bytes=0
[2026-03-15 19:36:46] HEARTBEAT | statuses: pending=3; running=3 | py_ws_gb=9.67 | err_bytes=0
[2026-03-15 19:37:28] HEARTBEAT | statuses: pending=3; running=3 | py_count=8 | py_ws_gb=10.28 | err_bytes=0
[2026-03-15 19:37:46] HEARTBEAT | statuses: pending=3; running=3 | py_ws_gb=10.33 | err_bytes=0
[2026-03-15 19:38:28] HEARTBEAT | statuses: pending=3; running=3 | py_count=8 | py_ws_gb=7.82 | err_bytes=0
[2026-03-15 19:38:47] HEARTBEAT | statuses: pending=3; running=3 | py_ws_gb=10.52 | err_bytes=0
[2026-03-15 19:39:28] HEARTBEAT | statuses: pending=3; running=3 | py_count=8 | py_ws_gb=10.58 | err_bytes=0
[2026-03-15 19:39:48] HEARTBEAT | statuses: pending=3; running=3 | py_ws_gb=11.03 | err_bytes=0
[2026-03-15 19:40:28] HEARTBEAT | statuses: pending=3; running=3 | py_count=8 | py_ws_gb=10.01 | err_bytes=0
[2026-03-15 19:40:48] HEARTBEAT | statuses: pending=3; running=3 | py_ws_gb=10.33 | err_bytes=0
[2026-03-15 19:41:28] HEARTBEAT | statuses: pending=3; running=3 | py_count=8 | py_ws_gb=9.12 | err_bytes=0
[2026-03-15 19:41:49] HEARTBEAT | statuses: pending=3; running=3 | py_ws_gb=11.34 | err_bytes=0
[2026-03-15 19:42:28] HEARTBEAT | statuses: pending=3; running=3 | py_count=8 | py_ws_gb=11.18 | err_bytes=0
[2026-03-15 19:42:50] HEARTBEAT | statuses: pending=3; running=3 | py_ws_gb=11.32 | err_bytes=0
[2026-03-15 19:43:28] HEARTBEAT | statuses: pending=3; running=3 | py_count=8 | py_ws_gb=6.74 | err_bytes=0
[2026-03-15 19:43:51] HEARTBEAT | statuses: pending=3; running=3 | py_ws_gb=7.25 | err_bytes=0
[2026-03-15 19:44:28] HEARTBEAT | statuses: pending=3; running=3 | py_count=8 | py_ws_gb=9.03 | err_bytes=0
[2026-03-15 19:44:51] HEARTBEAT | statuses: pending=3; running=3 | py_ws_gb=9.89 | err_bytes=0
[2026-03-15 19:45:28] HEARTBEAT | statuses: pending=3; running=3 | py_count=8 | py_ws_gb=11.27 | err_bytes=0
[2026-03-15 19:45:52] HEARTBEAT | statuses: pending=3; running=3 | py_ws_gb=11.49 | err_bytes=0
[2026-03-15 19:46:28] HEARTBEAT | statuses: pending=3; running=3 | py_count=8 | py_ws_gb=11.43 | err_bytes=0
[2026-03-15 19:46:53] HEARTBEAT | statuses: pending=3; running=3 | py_ws_gb=8.48 | err_bytes=0
[2026-03-15 19:47:29] HEARTBEAT | statuses: pending=3; running=3 | py_count=8 | py_ws_gb=11.06 | err_bytes=0
[2026-03-15 19:47:53] HEARTBEAT | statuses: pending=3; running=3 | py_ws_gb=10.03 | err_bytes=0
[2026-03-15 19:48:29] HEARTBEAT | statuses: pending=3; running=3 | py_count=8 | py_ws_gb=10.07 | err_bytes=0
[2026-03-15 19:48:54] HEARTBEAT | statuses: pending=3; running=3 | py_ws_gb=10.19 | err_bytes=0
[2026-03-15 19:49:29] HEARTBEAT | statuses: pending=3; running=3 | py_count=8 | py_ws_gb=10.71 | err_bytes=0
[2026-03-15 19:49:55] HEARTBEAT | statuses: pending=3; running=3 | py_ws_gb=10.92 | err_bytes=0
[2026-03-15 19:50:29] HEARTBEAT | statuses: pending=3; running=3 | py_count=8 | py_ws_gb=11.19 | err_bytes=0
[2026-03-15 19:50:56] HEARTBEAT | statuses: pending=3; running=3 | py_ws_gb=0.53 | err_bytes=0
[2026-03-15 19:51:29] HEARTBEAT | statuses: pending=3; running=3 | py_count=8 | py_ws_gb=2.8 | err_bytes=0
[2026-03-15 19:51:57] HEARTBEAT | statuses: pending=3; running=3 | py_ws_gb=3.70 | err_bytes=0
[2026-03-15 19:52:29] HEARTBEAT | statuses: pending=3; running=3 | py_count=8 | py_ws_gb=9.21 | err_bytes=0
[2026-03-15 19:52:57] HEARTBEAT | statuses: pending=3; running=3 | py_ws_gb=10.39 | err_bytes=0
[2026-03-15 19:53:29] HEARTBEAT | statuses: pending=3; running=3 | py_count=8 | py_ws_gb=11.11 | err_bytes=0
[2026-03-15 19:53:58] HEARTBEAT | statuses: pending=3; running=3 | py_ws_gb=11.65 | err_bytes=0
[2026-03-15 19:54:29] HEARTBEAT | statuses: pending=3; running=3 | py_count=8 | py_ws_gb=11.28 | err_bytes=0
[2026-03-15 19:54:59] HEARTBEAT | statuses: pending=3; running=3 | py_ws_gb=10.62 | err_bytes=0
[2026-03-15 19:55:29] HEARTBEAT | statuses: pending=3; running=3 | py_count=8 | py_ws_gb=9.04 | err_bytes=0
[2026-03-15 19:55:59] HEARTBEAT | statuses: pending=3; running=3 | py_ws_gb=8.16 | err_bytes=0
[2026-03-15 19:56:29] HEARTBEAT | statuses: pending=3; running=3 | py_count=8 | py_ws_gb=9.02 | err_bytes=0
[2026-03-15 19:57:01] HEARTBEAT | statuses: pending=3; running=3 | py_ws_gb=0.39 | err_bytes=0
[2026-03-15 19:57:31] HEARTBEAT | statuses: pending=3; running=3 | py_count=8 | py_ws_gb=0.55 | err_bytes=0
[2026-03-15 19:58:02] HEARTBEAT | statuses: pending=3; running=3 | py_ws_gb=0.32 | err_bytes=0
[2026-03-15 19:58:36] HEARTBEAT | statuses: pending=3; running=3 | py_count=8 | py_ws_gb=1.42 | err_bytes=0
[2026-03-15 19:59:03] HEARTBEAT | statuses: pending=3; running=3 | py_ws_gb=4.31 | err_bytes=0
[2026-03-15 19:59:37] HEARTBEAT | statuses: pending=3; running=3 | py_count=8 | py_ws_gb=8.58 | err_bytes=0
[2026-03-15 20:00:04] HEARTBEAT | statuses: pending=3; running=3 | py_ws_gb=10.08 | err_bytes=0
[2026-03-15 20:00:37] HEARTBEAT | statuses: pending=3; running=3 | py_count=8 | py_ws_gb=8.23 | err_bytes=0
[2026-03-15 20:01:05] HEARTBEAT | statuses: pending=3; running=3 | py_ws_gb=1.11 | err_bytes=0
[2026-03-15 20:01:37] HEARTBEAT | statuses: pending=3; running=3 | py_count=8 | py_ws_gb=0.65 | err_bytes=0
[2026-03-15 20:02:06] HEARTBEAT | statuses: pending=3; running=3 | py_ws_gb=4.91 | err_bytes=0
[2026-03-15 20:02:38] HEARTBEAT | statuses: pending=3; running=3 | py_count=8 | py_ws_gb=8.44 | err_bytes=0
[2026-03-15 20:03:08] HEARTBEAT | statuses: pending=3; running=3 | py_ws_gb=10.55 | err_bytes=0
[2026-03-15 20:03:38] HEARTBEAT | statuses: pending=3; running=3 | py_count=8 | py_ws_gb=9.7 | err_bytes=0
[2026-03-15 20:04:08] HEARTBEAT | statuses: pending=3; running=3 | py_ws_gb=9.63 | err_bytes=0
[2026-03-15 20:04:39] HEARTBEAT | statuses: pending=3; running=3 | py_count=8 | py_ws_gb=6.82 | err_bytes=0
[2026-03-15 20:05:10] HEARTBEAT | statuses: pending=3; running=3 | py_ws_gb=0.24 | err_bytes=0
[2026-03-15 20:05:39] HEARTBEAT | statuses: pending=3; running=3 | py_count=8 | py_ws_gb=0.16 | err_bytes=0
[2026-03-15 20:06:11] HEARTBEAT | statuses: pending=3; running=3 | py_ws_gb=0.24 | err_bytes=0
[2026-03-15 20:06:40] HEARTBEAT | statuses: pending=3; running=3 | py_count=8 | py_ws_gb=0.64 | err_bytes=0
[2026-03-15 20:07:12] HEARTBEAT | statuses: pending=3; running=3 | py_ws_gb=0.34 | err_bytes=0
[2026-03-15 20:07:40] HEARTBEAT | statuses: pending=3; running=3 | py_count=8 | py_ws_gb=0.81 | err_bytes=0
[2026-03-15 20:08:14] HEARTBEAT | statuses: pending=3; running=3 | py_ws_gb=0.49 | err_bytes=0
[2026-03-15 20:08:40] HEARTBEAT | statuses: pending=3; running=3 | py_count=8 | py_ws_gb=0.1 | err_bytes=0
[2026-03-15 20:09:16] HEARTBEAT | statuses: pending=3; running=3 | py_ws_gb=0.14 | err_bytes=0
[2026-03-15 20:09:41] HEARTBEAT | statuses: pending=3; running=3 | py_count=8 | py_ws_gb=0.82 | err_bytes=0
[2026-03-15 20:10:17] HEARTBEAT | statuses: pending=3; running=3 | py_ws_gb=2.04 | err_bytes=0
[2026-03-15 20:10:41] HEARTBEAT | statuses: pending=3; running=3 | py_count=8 | py_ws_gb=0.56 | err_bytes=0
[2026-03-15 20:11:18] HEARTBEAT | statuses: pending=3; running=3 | py_ws_gb=0.24 | err_bytes=0
[2026-03-15 20:11:42] HEARTBEAT | statuses: pending=3; running=3 | py_count=8 | py_ws_gb=0.28 | err_bytes=0
[2026-03-15 20:12:20] HEARTBEAT | statuses: pending=3; running=3 | py_ws_gb=0.22 | err_bytes=0
[2026-03-15 20:12:42] HEARTBEAT | statuses: pending=3; running=3 | py_count=8 | py_ws_gb=0.76 | err_bytes=0
[2026-03-15 20:13:21] HEARTBEAT | statuses: pending=3; running=3 | py_ws_gb=0.45 | err_bytes=0
[2026-03-15 20:13:43] HEARTBEAT | statuses: pending=3; running=3 | py_count=8 | py_ws_gb=0.33 | err_bytes=0
[2026-03-15 20:14:23] HEARTBEAT | statuses: pending=3; running=3 | py_ws_gb=0.28 | err_bytes=0
[2026-03-15 20:14:43] HEARTBEAT | statuses: pending=3; running=3 | py_count=8 | py_ws_gb=0.6 | err_bytes=0
[2026-03-15 20:15:24] HEARTBEAT | statuses: pending=3; running=3 | py_ws_gb=0.37 | err_bytes=0
[2026-03-15 20:15:44] HEARTBEAT | statuses: pending=3; running=3 | py_count=8 | py_ws_gb=0.81 | err_bytes=0
[2026-03-15 20:16:26] HEARTBEAT | statuses: pending=3; running=3 | py_ws_gb=7.39 | err_bytes=0
[2026-03-15 20:16:45] HEARTBEAT | statuses: pending=3; running=3 | py_count=8 | py_ws_gb=9.67 | err_bytes=0
[2026-03-15 20:17:28] HEARTBEAT | statuses: pending=3; running=3 | py_ws_gb=7.05 | err_bytes=0
[2026-03-15 20:17:45] HEARTBEAT | statuses: pending=3; running=3 | py_count=8 | py_ws_gb=8.16 | err_bytes=0
[2026-03-15 20:18:30] HEARTBEAT | statuses: pending=3; running=3 | py_ws_gb=10.56 | err_bytes=0
[2026-03-15 20:18:45] HEARTBEAT | statuses: pending=3; running=3 | py_count=8 | py_ws_gb=9.66 | err_bytes=0
[2026-03-15 20:19:31] HEARTBEAT | statuses: pending=3; running=3 | py_ws_gb=9.75 | err_bytes=0
[2026-03-15 20:19:46] HEARTBEAT | statuses: pending=3; running=3 | py_count=8 | py_ws_gb=10.31 | err_bytes=0
[2026-03-15 20:20:32] HEARTBEAT | statuses: pending=3; running=3 | py_ws_gb=9.66 | err_bytes=0
[2026-03-15 20:20:46] HEARTBEAT | statuses: pending=3; running=3 | py_count=8 | py_ws_gb=6.77 | err_bytes=0
[2026-03-15 20:21:33] HEARTBEAT | statuses: pending=3; running=3 | py_ws_gb=8.47 | err_bytes=0
[2026-03-15 20:21:47] HEARTBEAT | statuses: pending=3; running=3 | py_count=8 | py_ws_gb=9.27 | err_bytes=0
[2026-03-15 20:22:35] HEARTBEAT | statuses: pending=3; running=3 | py_ws_gb=9.89 | err_bytes=0
[2026-03-15 20:22:49] HEARTBEAT | statuses: pending=3; running=3 | py_count=8 | py_ws_gb=10.78 | err_bytes=0
[2026-03-15 20:23:38] HEARTBEAT | statuses: pending=3; running=3 | py_ws_gb=10.71 | err_bytes=0
[2026-03-15 20:23:51] HEARTBEAT | statuses: pending=3; running=3 | py_count=8 | py_ws_gb=10.19 | err_bytes=0
[2026-03-15 20:24:42] HEARTBEAT | statuses: pending=3; running=3 | py_ws_gb=5.06 | err_bytes=0
[2026-03-15 20:24:51] HEARTBEAT | statuses: pending=3; running=3 | py_count=8 | py_ws_gb=5.74 | err_bytes=0
[2026-03-15 20:25:43] HEARTBEAT | statuses: pending=3; running=3 | py_ws_gb=10.08 | err_bytes=0
[2026-03-15 20:25:52] HEARTBEAT | statuses: pending=3; running=3 | py_count=8 | py_ws_gb=11.09 | err_bytes=0
[2026-03-15 20:26:44] HEARTBEAT | statuses: pending=3; running=3 | py_ws_gb=8.14 | err_bytes=0
[2026-03-15 20:26:52] HEARTBEAT | statuses: pending=3; running=3 | py_count=8 | py_ws_gb=8.43 | err_bytes=0
[2026-03-15 20:27:48] HEARTBEAT | statuses: pending=3; running=3 | py_ws_gb=0.67 | err_bytes=0
[2026-03-15 20:27:52] HEARTBEAT | statuses: pending=3; running=3 | py_count=8 | py_ws_gb=0.9 | err_bytes=0
[2026-03-15 20:28:51] HEARTBEAT | statuses: pending=3; running=3 | py_ws_gb=7.19 | err_bytes=0
[2026-03-15 20:28:53] HEARTBEAT | statuses: pending=3; running=3 | py_count=8 | py_ws_gb=7.25 | err_bytes=0
[2026-03-15 20:29:52] HEARTBEAT | statuses: pending=3; running=3 | py_ws_gb=11.98 | err_bytes=0
[2026-03-15 20:29:53] HEARTBEAT | statuses: pending=3; running=3 | py_count=8 | py_ws_gb=12.01 | err_bytes=0
[2026-03-15 20:30:53] HEARTBEAT | statuses: pending=3; running=3 | py_count=8 | py_ws_gb=10.52 | err_bytes=0
[2026-03-15 20:30:53] HEARTBEAT | statuses: pending=3; running=3 | py_ws_gb=10.42 | err_bytes=0
[2026-03-15 20:31:53] HEARTBEAT | statuses: pending=3; running=3 | py_count=8 | py_ws_gb=3.93 | err_bytes=0
[2026-03-15 20:31:54] HEARTBEAT | statuses: pending=3; running=3 | py_ws_gb=3.94 | err_bytes=0
[2026-03-15 20:32:53] HEARTBEAT | statuses: pending=3; running=3 | py_count=8 | py_ws_gb=7.85 | err_bytes=0
[2026-03-15 20:32:56] HEARTBEAT | statuses: pending=3; running=3 | py_ws_gb=8.11 | err_bytes=0
[2026-03-15 20:33:53] HEARTBEAT | statuses: pending=3; running=3 | py_count=8 | py_ws_gb=9.67 | err_bytes=0
[2026-03-15 20:33:56] HEARTBEAT | statuses: pending=3; running=3 | py_ws_gb=8.44 | err_bytes=0
[2026-03-15 20:34:54] HEARTBEAT | statuses: pending=3; running=3 | py_count=8 | py_ws_gb=1.79 | err_bytes=0
[2026-03-15 20:34:58] HEARTBEAT | statuses: pending=3; running=3 | py_ws_gb=2.42 | err_bytes=0
[2026-03-15 20:35:54] HEARTBEAT | statuses: pending=3; running=3 | py_count=8 | py_ws_gb=8.91 | err_bytes=0
[2026-03-15 20:35:59] HEARTBEAT | statuses: pending=3; running=3 | py_ws_gb=9.95 | err_bytes=0
[2026-03-15 20:36:55] HEARTBEAT | statuses: pending=3; running=3 | py_count=8 | py_ws_gb=0.28 | err_bytes=0
[2026-03-15 20:36:59] HEARTBEAT | statuses: pending=3; running=3 | py_ws_gb=0.31 | err_bytes=0
[2026-03-15 20:37:55] HEARTBEAT | statuses: pending=3; running=3 | py_count=8 | py_ws_gb=4.32 | err_bytes=0
[2026-03-15 20:38:01] HEARTBEAT | statuses: pending=3; running=3 | py_ws_gb=5.20 | err_bytes=0
[2026-03-15 20:38:56] HEARTBEAT | statuses: pending=3; running=3 | py_count=8 | py_ws_gb=10.78 | err_bytes=0
[2026-03-15 20:39:02] HEARTBEAT | statuses: pending=3; running=3 | py_ws_gb=11.58 | err_bytes=0
[2026-03-15 20:39:56] HEARTBEAT | statuses: pending=3; running=3 | py_count=8 | py_ws_gb=6.31 | err_bytes=0
[2026-03-15 20:40:02] HEARTBEAT | statuses: pending=3; running=3 | py_ws_gb=6.58 | err_bytes=0
[2026-03-15 20:40:56] HEARTBEAT | statuses: pending=3; running=3 | py_count=8 | py_ws_gb=9.25 | err_bytes=0
[2026-03-15 20:41:04] HEARTBEAT | statuses: pending=3; running=3 | py_ws_gb=7.06 | err_bytes=0
[2026-03-15 20:41:57] HEARTBEAT | statuses: pending=3; running=3 | py_count=8 | py_ws_gb=0.46 | err_bytes=0
[2026-03-15 20:42:04] HEARTBEAT | statuses: pending=3; running=3 | py_ws_gb=0.18 | err_bytes=0
[2026-03-15 20:42:57] HEARTBEAT | statuses: pending=3; running=3 | py_count=8 | py_ws_gb=2.19 | err_bytes=0
[2026-03-15 20:43:06] HEARTBEAT | statuses: pending=3; running=3 | py_ws_gb=3.22 | err_bytes=0
[2026-03-15 20:43:57] HEARTBEAT | statuses: pending=3; running=3 | py_count=8 | py_ws_gb=8.13 | err_bytes=0
[2026-03-15 20:44:07] HEARTBEAT | statuses: pending=3; running=3 | py_ws_gb=9.10 | err_bytes=0
[2026-03-15 20:44:58] HEARTBEAT | statuses: pending=3; running=3 | py_count=8 | py_ws_gb=9.54 | err_bytes=0
[2026-03-15 20:45:07] HEARTBEAT | statuses: pending=3; running=3 | py_ws_gb=8.80 | err_bytes=0
[2026-03-15 20:46:10] HEARTBEAT | statuses: pending=3; running=3 | py_ws_gb=0.06 | err_bytes=0
[2026-03-15 20:46:17] HEARTBEAT | statuses: pending=3; running=3 | py_count=8 | py_ws_gb=0.12 | err_bytes=0
[2026-03-15 20:47:18] HEARTBEAT | statuses: pending=3; running=3 | py_ws_gb=7.09 | err_bytes=0
[2026-03-15 20:47:18] HEARTBEAT | statuses: pending=3; running=3 | py_count=8 | py_ws_gb=7.09 | err_bytes=0
[2026-03-15 20:48:19] HEARTBEAT | statuses: pending=3; running=3 | py_count=8 | py_ws_gb=9.88 | err_bytes=0
[2026-03-15 20:48:19] HEARTBEAT | statuses: pending=3; running=3 | py_ws_gb=10.05 | err_bytes=0
[2026-03-15 20:49:19] HEARTBEAT | statuses: pending=3; running=3 | py_count=8 | py_ws_gb=10.33 | err_bytes=0
[2026-03-15 20:49:19] HEARTBEAT | statuses: pending=3; running=3 | py_ws_gb=10.06 | err_bytes=0
[2026-03-15 20:50:19] HEARTBEAT | statuses: pending=3; running=3 | py_count=8 | py_ws_gb=7.2 | err_bytes=0
[2026-03-15 20:50:20] HEARTBEAT | statuses: pending=3; running=3 | py_ws_gb=6.42 | err_bytes=0
[2026-03-15 20:51:20] HEARTBEAT | statuses: pending=3; running=3 | py_count=8 | py_ws_gb=2.19 | err_bytes=0
[2026-03-15 20:51:21] HEARTBEAT | statuses: pending=3; running=3 | py_ws_gb=2.62 | err_bytes=0
[2026-03-15 20:52:20] HEARTBEAT | statuses: pending=3; running=3 | py_count=8 | py_ws_gb=7.75 | err_bytes=0
[2026-03-15 20:52:22] HEARTBEAT | statuses: pending=3; running=3 | py_ws_gb=7.97 | err_bytes=0
[2026-03-15 20:53:21] HEARTBEAT | statuses: pending=3; running=3 | py_count=8 | py_ws_gb=8.01 | err_bytes=0
[2026-03-15 20:53:23] HEARTBEAT | statuses: pending=3; running=3 | py_ws_gb=8.10 | err_bytes=0
[2026-03-15 20:54:22] HEARTBEAT | statuses: pending=3; running=3 | py_count=8 | py_ws_gb=5.86 | err_bytes=0
[2026-03-15 20:54:24] HEARTBEAT | statuses: pending=3; running=3 | py_ws_gb=6.14 | err_bytes=0
[2026-03-15 20:55:23] HEARTBEAT | statuses: pending=3; running=3 | py_count=8 | py_ws_gb=6.51 | err_bytes=0
[2026-03-15 20:55:25] HEARTBEAT | statuses: pending=3; running=3 | py_ws_gb=6.75 | err_bytes=0
[2026-03-15 20:56:23] HEARTBEAT | statuses: pending=3; running=3 | py_count=8 | py_ws_gb=9.04 | err_bytes=0
[2026-03-15 20:56:26] HEARTBEAT | statuses: pending=3; running=3 | py_ws_gb=8.23 | err_bytes=0
[2026-03-15 20:57:23] HEARTBEAT | statuses: pending=3; running=3 | py_count=8 | py_ws_gb=9.18 | err_bytes=0
[2026-03-15 20:57:27] HEARTBEAT | statuses: pending=3; running=3 | py_ws_gb=9.42 | err_bytes=0
[2026-03-15 20:58:23] HEARTBEAT | statuses: pending=3; running=3 | py_count=8 | py_ws_gb=8.4 | err_bytes=0
[2026-03-15 20:58:28] HEARTBEAT | statuses: pending=3; running=3 | py_ws_gb=8.41 | err_bytes=0
[2026-03-15 20:59:27] HEARTBEAT | statuses: pending=3; running=3 | py_count=8 | py_ws_gb=5.17 | err_bytes=0
[2026-03-15 20:59:29] HEARTBEAT | statuses: pending=3; running=3 | py_ws_gb=3.96 | err_bytes=0
[2026-03-15 21:00:28] HEARTBEAT | statuses: pending=3; running=3 | py_count=8 | py_ws_gb=1.17 | err_bytes=0
[2026-03-15 21:00:32] HEARTBEAT | statuses: pending=3; running=3 | py_ws_gb=1.36 | err_bytes=0
[2026-03-15 21:01:28] HEARTBEAT | statuses: pending=3; running=3 | py_count=8 | py_ws_gb=7.2 | err_bytes=0
[2026-03-15 21:01:38] HEARTBEAT | statuses: pending=3; running=3 | py_ws_gb=8.02 | err_bytes=0
[2026-03-15 21:02:28] HEARTBEAT | statuses: pending=3; running=3 | py_count=8 | py_ws_gb=11.08 | err_bytes=0
[2026-03-15 21:02:40] HEARTBEAT | statuses: pending=3; running=3 | py_ws_gb=8.78 | err_bytes=0
[2026-03-15 21:03:29] HEARTBEAT | statuses: pending=3; running=3 | py_count=8 | py_ws_gb=9.61 | err_bytes=0
[2026-03-15 21:03:41] HEARTBEAT | statuses: pending=3; running=3 | py_ws_gb=9.65 | err_bytes=0
[2026-03-15 21:04:29] HEARTBEAT | statuses: pending=3; running=3 | py_count=8 | py_ws_gb=9.07 | err_bytes=0
[2026-03-15 21:04:42] HEARTBEAT | statuses: pending=3; running=3 | py_ws_gb=9.40 | err_bytes=0
[2026-03-15 21:05:30] HEARTBEAT | statuses: pending=3; running=3 | py_count=8 | py_ws_gb=5.27 | err_bytes=0
[2026-03-15 21:05:43] HEARTBEAT | statuses: pending=3; running=3 | py_ws_gb=2.84 | err_bytes=0
[2026-03-15 21:06:31] HEARTBEAT | statuses: pending=3; running=3 | py_count=8 | py_ws_gb=4.86 | err_bytes=0
[2026-03-15 21:06:44] HEARTBEAT | statuses: pending=3; running=3 | py_ws_gb=5.85 | err_bytes=0
[2026-03-15 21:07:31] HEARTBEAT | statuses: pending=3; running=3 | py_count=8 | py_ws_gb=8.71 | err_bytes=0
[2026-03-15 21:07:46] HEARTBEAT | statuses: pending=3; running=3 | py_ws_gb=10.40 | err_bytes=0
[2026-03-15 21:08:32] HEARTBEAT | statuses: pending=3; running=3 | py_count=8 | py_ws_gb=8.73 | err_bytes=0
[2026-03-15 21:08:48] HEARTBEAT | statuses: pending=3; running=3 | py_ws_gb=9.15 | err_bytes=0
[2026-03-15 21:09:32] HEARTBEAT | statuses: pending=3; running=3 | py_count=8 | py_ws_gb=8.7 | err_bytes=0
[2026-03-15 21:09:55] HEARTBEAT | statuses: pending=3; running=3 | py_ws_gb=8.90 | err_bytes=0
[2026-03-15 21:10:32] HEARTBEAT | statuses: pending=3; running=3 | py_count=8 | py_ws_gb=9.34 | err_bytes=0
[2026-03-15 21:11:13] HEARTBEAT | statuses: pending=3; running=3 | py_ws_gb=10.44 | err_bytes=0
[2026-03-15 21:11:33] HEARTBEAT | statuses: pending=3; running=3 | py_count=8 | py_ws_gb=9.47 | err_bytes=0
[2026-03-15 21:12:14] HEARTBEAT | statuses: pending=3; running=3 | py_ws_gb=9.82 | err_bytes=0
[2026-03-15 21:12:38] HEARTBEAT | statuses: pending=3; running=3 | py_count=8 | py_ws_gb=10.18 | err_bytes=0
[2026-03-15 21:13:15] HEARTBEAT | statuses: pending=3; running=3 | py_ws_gb=9.12 | err_bytes=0
[2026-03-15 21:13:39] HEARTBEAT | statuses: pending=3; running=3 | py_count=8 | py_ws_gb=9.35 | err_bytes=0
[2026-03-15 21:14:16] HEARTBEAT | statuses: pending=3; running=3 | py_ws_gb=9.95 | err_bytes=0
[2026-03-15 21:14:39] HEARTBEAT | statuses: pending=3; running=3 | py_count=8 | py_ws_gb=11.4 | err_bytes=0
[2026-03-15 21:15:17] HEARTBEAT | statuses: pending=3; running=3 | py_ws_gb=11.14 | err_bytes=0
[2026-03-15 21:15:39] HEARTBEAT | statuses: pending=3; running=3 | py_count=8 | py_ws_gb=10.51 | err_bytes=0
[2026-03-15 21:16:18] HEARTBEAT | statuses: pending=3; running=3 | py_ws_gb=11.30 | err_bytes=0
[2026-03-15 21:16:40] HEARTBEAT | statuses: pending=3; running=3 | py_count=8 | py_ws_gb=10.99 | err_bytes=0
[2026-03-15 21:17:19] HEARTBEAT | statuses: pending=3; running=3 | py_ws_gb=10.23 | err_bytes=0
[2026-03-15 21:17:40] HEARTBEAT | statuses: pending=3; running=3 | py_count=8 | py_ws_gb=11.47 | err_bytes=0
[2026-03-15 21:18:20] HEARTBEAT | statuses: pending=3; running=3 | py_ws_gb=9.04 | err_bytes=0
[2026-03-15 21:18:40] HEARTBEAT | statuses: pending=3; running=3 | py_count=8 | py_ws_gb=8.96 | err_bytes=0
[2026-03-15 21:19:21] HEARTBEAT | statuses: pending=3; running=3 | py_ws_gb=8.41 | err_bytes=0
[2026-03-15 21:19:40] HEARTBEAT | statuses: pending=3; running=3 | py_count=8 | py_ws_gb=8.89 | err_bytes=0
[2026-03-15 21:20:22] HEARTBEAT | statuses: pending=3; running=3 | py_ws_gb=8.94 | err_bytes=0
[2026-03-15 21:20:40] HEARTBEAT | statuses: pending=3; running=3 | py_count=8 | py_ws_gb=6.66 | err_bytes=0
[2026-03-15 21:21:23] HEARTBEAT | statuses: pending=3; running=3 | py_ws_gb=7.01 | err_bytes=0
[2026-03-15 21:21:40] HEARTBEAT | statuses: pending=3; running=3 | py_count=8 | py_ws_gb=7.2 | err_bytes=0
[2026-03-15 21:22:24] HEARTBEAT | statuses: pending=3; running=3 | py_ws_gb=8.04 | err_bytes=0
[2026-03-15 21:22:40] HEARTBEAT | statuses: pending=3; running=3 | py_count=8 | py_ws_gb=8.4 | err_bytes=0
[2026-03-15 21:23:25] HEARTBEAT | statuses: pending=3; running=3 | py_ws_gb=9.12 | err_bytes=0
[2026-03-15 21:23:40] HEARTBEAT | statuses: pending=3; running=3 | py_count=8 | py_ws_gb=8.92 | err_bytes=0
[2026-03-15 21:24:25] HEARTBEAT | statuses: pending=3; running=3 | py_ws_gb=9.37 | err_bytes=0
[2026-03-15 21:24:40] HEARTBEAT | statuses: pending=3; running=3 | py_count=8 | py_ws_gb=9.61 | err_bytes=0
[2026-03-15 21:25:26] HEARTBEAT | statuses: pending=3; running=3 | py_ws_gb=7.91 | err_bytes=0
[2026-03-15 21:25:40] HEARTBEAT | statuses: pending=3; running=3 | py_count=8 | py_ws_gb=8.22 | err_bytes=0
[2026-03-15 21:26:27] HEARTBEAT | statuses: pending=3; running=3 | py_ws_gb=10.07 | err_bytes=0
[2026-03-15 21:26:40] HEARTBEAT | statuses: pending=3; running=3 | py_count=8 | py_ws_gb=8.85 | err_bytes=0
[2026-03-15 21:27:28] HEARTBEAT | statuses: pending=3; running=3 | py_ws_gb=6.24 | err_bytes=0
[2026-03-15 21:27:40] HEARTBEAT | statuses: pending=3; running=3 | py_count=8 | py_ws_gb=6.95 | err_bytes=0
[2026-03-15 21:28:29] HEARTBEAT | statuses: pending=3; running=3 | py_ws_gb=10.48 | err_bytes=0
[2026-03-15 21:28:41] HEARTBEAT | statuses: pending=3; running=3 | py_count=8 | py_ws_gb=11.07 | err_bytes=0
[2026-03-15 21:29:29] HEARTBEAT | statuses: pending=3; running=3 | py_ws_gb=8.09 | err_bytes=0
[2026-03-15 21:29:41] HEARTBEAT | statuses: pending=3; running=3 | py_count=8 | py_ws_gb=8.64 | err_bytes=0
[2026-03-15 21:30:30] HEARTBEAT | statuses: pending=3; running=3 | py_ws_gb=10.25 | err_bytes=0
[2026-03-15 21:30:41] HEARTBEAT | statuses: pending=3; running=3 | py_count=8 | py_ws_gb=10.81 | err_bytes=0
[2026-03-15 21:31:31] HEARTBEAT | statuses: pending=3; running=3 | py_ws_gb=10.71 | err_bytes=0
[2026-03-15 21:31:43] HEARTBEAT | statuses: pending=3; running=3 | py_count=8 | py_ws_gb=9.02 | err_bytes=0
[2026-03-15 21:32:32] HEARTBEAT | statuses: pending=3; running=3 | py_ws_gb=10.49 | err_bytes=0
[2026-03-15 21:32:48] HEARTBEAT | statuses: pending=3; running=3 | py_count=8 | py_ws_gb=10.83 | err_bytes=0
[2026-03-15 21:33:32] HEARTBEAT | statuses: pending=3; running=3 | py_ws_gb=9.23 | err_bytes=0
[2026-03-15 21:33:48] HEARTBEAT | statuses: pending=3; running=3 | py_count=8 | py_ws_gb=10.43 | err_bytes=0
[2026-03-15 21:34:33] HEARTBEAT | statuses: pending=3; running=3 | py_ws_gb=7.55 | err_bytes=0
[2026-03-15 21:34:48] HEARTBEAT | statuses: pending=3; running=3 | py_count=8 | py_ws_gb=8.01 | err_bytes=0
[2026-03-15 21:35:35] HEARTBEAT | statuses: pending=3; running=3 | py_ws_gb=10.48 | err_bytes=0
[2026-03-15 21:35:49] HEARTBEAT | statuses: pending=3; running=3 | py_count=8 | py_ws_gb=10.83 | err_bytes=0
[2026-03-15 21:36:37] HEARTBEAT | statuses: pending=3; running=3 | py_ws_gb=5.57 | err_bytes=0
[2026-03-15 21:36:49] HEARTBEAT | statuses: pending=3; running=3 | py_count=8 | py_ws_gb=6.1 | err_bytes=0
[2026-03-15 21:37:38] HEARTBEAT | statuses: pending=3; running=3 | py_ws_gb=8.66 | err_bytes=0
[2026-03-15 21:37:49] HEARTBEAT | statuses: pending=3; running=3 | py_count=8 | py_ws_gb=9.43 | err_bytes=0
[2026-03-15 21:38:39] HEARTBEAT | statuses: pending=3; running=3 | py_ws_gb=5.14 | err_bytes=0
[2026-03-15 21:38:49] HEARTBEAT | statuses: pending=3; running=3 | py_count=8 | py_ws_gb=0.11 | err_bytes=0
[2026-03-15 21:39:40] HEARTBEAT | statuses: pending=3; running=3 | py_ws_gb=1.84 | err_bytes=0
[2026-03-15 21:39:50] HEARTBEAT | statuses: pending=3; running=3 | py_count=8 | py_ws_gb=2.54 | err_bytes=0
[2026-03-15 21:40:41] HEARTBEAT | statuses: pending=3; running=3 | py_ws_gb=5.94 | err_bytes=0
[2026-03-15 21:40:51] HEARTBEAT | statuses: pending=3; running=3 | py_count=8 | py_ws_gb=6.73 | err_bytes=0
[2026-03-15 21:41:42] HEARTBEAT | statuses: pending=3; running=3 | py_ws_gb=9.99 | err_bytes=0
[2026-03-15 21:41:51] HEARTBEAT | statuses: pending=3; running=3 | py_count=8 | py_ws_gb=10.7 | err_bytes=0
[2026-03-15 21:42:42] HEARTBEAT | statuses: pending=3; running=3 | py_ws_gb=0.43 | err_bytes=0
[2026-03-15 21:42:54] HEARTBEAT | statuses: pending=3; running=3 | py_count=8 | py_ws_gb=0.78 | err_bytes=0
[2026-03-15 21:43:44] HEARTBEAT | statuses: pending=3; running=3 | py_ws_gb=0.83 | err_bytes=0
[2026-03-15 21:43:57] HEARTBEAT | statuses: pending=3; running=3 | py_count=8 | py_ws_gb=1.6 | err_bytes=0
[2026-03-15 21:44:48] HEARTBEAT | statuses: pending=3; running=3 | py_ws_gb=4.95 | err_bytes=0
[2026-03-15 21:44:59] HEARTBEAT | statuses: pending=3; running=3 | py_count=8 | py_ws_gb=5.58 | err_bytes=0
[2026-03-15 21:45:49] HEARTBEAT | statuses: pending=3; running=3 | py_ws_gb=8.66 | err_bytes=0
[2026-03-15 21:45:59] HEARTBEAT | statuses: pending=3; running=3 | py_count=8 | py_ws_gb=8.84 | err_bytes=0
[2026-03-15 21:46:50] HEARTBEAT | statuses: pending=3; running=3 | py_ws_gb=3.83 | err_bytes=0
[2026-03-15 21:46:59] HEARTBEAT | statuses: pending=3; running=3 | py_count=8 | py_ws_gb=1.04 | err_bytes=0
[2026-03-15 21:47:53] HEARTBEAT | statuses: pending=3; running=3 | py_ws_gb=1.65 | err_bytes=0
[2026-03-15 21:47:59] HEARTBEAT | statuses: pending=3; running=3 | py_count=8 | py_ws_gb=1.88 | err_bytes=0
[2026-03-15 21:48:57] HEARTBEAT | statuses: pending=3; running=3 | py_ws_gb=5.88 | err_bytes=0
[2026-03-15 21:49:00] HEARTBEAT | statuses: pending=3; running=3 | py_count=8 | py_ws_gb=6.04 | err_bytes=0
[2026-03-15 21:49:58] HEARTBEAT | statuses: pending=3; running=3 | py_ws_gb=8.26 | err_bytes=0
[2026-03-15 21:50:00] HEARTBEAT | statuses: pending=3; running=3 | py_count=8 | py_ws_gb=8.44 | err_bytes=0
[2026-03-15 21:50:59] HEARTBEAT | statuses: pending=3; running=3 | py_ws_gb=8.20 | err_bytes=0
[2026-03-15 21:51:01] HEARTBEAT | statuses: pending=3; running=3 | py_count=8 | py_ws_gb=8.37 | err_bytes=0
[2026-03-15 21:51:59] HEARTBEAT | statuses: pending=3; running=3 | py_ws_gb=9.17 | err_bytes=0
[2026-03-15 21:52:01] HEARTBEAT | statuses: pending=3; running=3 | py_count=8 | py_ws_gb=9.28 | err_bytes=0
[2026-03-15 21:53:00] HEARTBEAT | statuses: pending=3; running=3 | py_ws_gb=9.53 | err_bytes=0
[2026-03-15 21:53:01] HEARTBEAT | statuses: pending=3; running=3 | py_count=8 | py_ws_gb=9.54 | err_bytes=0
[2026-03-15 21:54:01] HEARTBEAT | statuses: pending=3; running=3 | py_count=8 | py_ws_gb=9.15 | err_bytes=0
[2026-03-15 21:54:01] HEARTBEAT | statuses: pending=3; running=3 | py_ws_gb=9.17 | err_bytes=0
[2026-03-15 21:55:01] HEARTBEAT | statuses: pending=3; running=3 | py_count=8 | py_ws_gb=3.92 | err_bytes=0
[2026-03-15 21:55:01] HEARTBEAT | statuses: pending=3; running=3 | py_ws_gb=3.85 | err_bytes=0
[2026-03-15 21:56:02] HEARTBEAT | statuses: pending=3; running=3 | py_count=8 | py_ws_gb=3.65 | err_bytes=0
[2026-03-15 21:56:03] HEARTBEAT | statuses: pending=3; running=3 | py_ws_gb=3.70 | err_bytes=0
[2026-03-15 21:57:04] HEARTBEAT | statuses: pending=3; running=3 | py_count=8 | py_ws_gb=4.47 | err_bytes=0
[2026-03-15 21:57:04] HEARTBEAT | statuses: pending=3; running=3 | py_ws_gb=4.51 | err_bytes=0
[2026-03-15 21:58:04] HEARTBEAT | statuses: pending=3; running=3 | py_count=8 | py_ws_gb=5.56 | err_bytes=0
[2026-03-15 21:58:05] HEARTBEAT | statuses: pending=3; running=3 | py_ws_gb=5.59 | err_bytes=0
[2026-03-15 21:59:04] HEARTBEAT | statuses: pending=3; running=3 | py_count=8 | py_ws_gb=7.51 | err_bytes=0
[2026-03-15 21:59:06] HEARTBEAT | statuses: pending=3; running=3 | py_ws_gb=7.54 | err_bytes=0
[2026-03-15 22:00:04] HEARTBEAT | statuses: pending=3; running=3 | py_count=8 | py_ws_gb=6.18 | err_bytes=0
[2026-03-15 22:00:07] HEARTBEAT | statuses: pending=3; running=3 | py_ws_gb=6.30 | err_bytes=0
[2026-03-15 22:01:04] HEARTBEAT | statuses: pending=3; running=3 | py_count=8 | py_ws_gb=6.76 | err_bytes=0
[2026-03-15 22:01:08] HEARTBEAT | statuses: pending=3; running=3 | py_ws_gb=6.94 | err_bytes=0
[2026-03-15 22:02:04] HEARTBEAT | statuses: pending=3; running=3 | py_count=8 | py_ws_gb=7.38 | err_bytes=0
[2026-03-15 22:02:08] HEARTBEAT | statuses: pending=3; running=3 | py_ws_gb=7.47 | err_bytes=0
[2026-03-15 22:03:04] HEARTBEAT | statuses: pending=3; running=3 | py_count=8 | py_ws_gb=8.03 | err_bytes=0
[2026-03-15 22:03:09] HEARTBEAT | statuses: pending=3; running=3 | py_ws_gb=8.24 | err_bytes=0
[2026-03-15 22:04:04] HEARTBEAT | statuses: pending=3; running=3 | py_count=8 | py_ws_gb=10.16 | err_bytes=0
[2026-03-15 22:04:09] HEARTBEAT | statuses: pending=3; running=3 | py_ws_gb=10.48 | err_bytes=0
[2026-03-15 22:05:04] HEARTBEAT | statuses: pending=3; running=3 | py_count=8 | py_ws_gb=6.16 | err_bytes=0
[2026-03-15 22:05:10] HEARTBEAT | statuses: pending=3; running=3 | py_ws_gb=6.25 | err_bytes=0
[2026-03-15 22:06:04] HEARTBEAT | statuses: pending=3; running=3 | py_count=8 | py_ws_gb=6.97 | err_bytes=0
[2026-03-15 22:06:12] HEARTBEAT | statuses: pending=3; running=3 | py_ws_gb=7.36 | err_bytes=0
[2026-03-15 22:07:04] HEARTBEAT | statuses: pending=3; running=3 | py_count=8 | py_ws_gb=9.53 | err_bytes=0
[2026-03-15 22:07:13] HEARTBEAT | statuses: pending=3; running=3 | py_ws_gb=9.09 | err_bytes=0
[2026-03-15 22:08:04] HEARTBEAT | statuses: pending=3; running=3 | py_count=8 | py_ws_gb=9.31 | err_bytes=0
[2026-03-15 22:08:13] HEARTBEAT | statuses: pending=3; running=3 | py_ws_gb=8.52 | err_bytes=0
[2026-03-15 22:09:08] HEARTBEAT | statuses: pending=3; running=3 | py_count=8 | py_ws_gb=0.19 | err_bytes=0
[2026-03-15 22:09:14] HEARTBEAT | statuses: pending=3; running=3 | py_ws_gb=0.27 | err_bytes=0
[2026-03-15 22:10:12] HEARTBEAT | statuses: pending=3; running=3 | py_count=8 | py_ws_gb=2.96 | err_bytes=0
[2026-03-15 22:10:16] HEARTBEAT | statuses: pending=3; running=3 | py_ws_gb=3.23 | err_bytes=0
[2026-03-15 22:11:12] HEARTBEAT | statuses: pending=3; running=3 | py_count=8 | py_ws_gb=6.07 | err_bytes=0
[2026-03-15 22:11:17] HEARTBEAT | statuses: pending=3; running=3 | py_ws_gb=6.22 | err_bytes=0
[2026-03-15 22:12:13] HEARTBEAT | statuses: pending=3; running=3 | py_count=8 | py_ws_gb=6.68 | err_bytes=0
[2026-03-15 22:12:18] HEARTBEAT | statuses: pending=3; running=3 | py_ws_gb=6.08 | err_bytes=0
[2026-03-15 22:13:13] HEARTBEAT | statuses: pending=3; running=3 | py_count=8 | py_ws_gb=6.7 | err_bytes=0
[2026-03-15 22:13:18] HEARTBEAT | statuses: pending=3; running=3 | py_ws_gb=6.22 | err_bytes=0
[2026-03-15 22:14:14] HEARTBEAT | statuses: pending=3; running=3 | py_count=8 | py_ws_gb=2.51 | err_bytes=0
[2026-03-15 22:14:19] HEARTBEAT | statuses: pending=3; running=3 | py_ws_gb=2.38 | err_bytes=0
[2026-03-15 22:15:16] HEARTBEAT | statuses: pending=3; running=3 | py_count=8 | py_ws_gb=3.66 | err_bytes=0
[2026-03-15 22:15:20] HEARTBEAT | statuses: pending=3; running=3 | py_ws_gb=3.90 | err_bytes=0
[2026-03-15 22:16:16] HEARTBEAT | statuses: pending=3; running=3 | py_count=8 | py_ws_gb=4.96 | err_bytes=0
[2026-03-15 22:16:21] HEARTBEAT | statuses: pending=3; running=3 | py_ws_gb=5.30 | err_bytes=0
[2026-03-15 22:17:16] HEARTBEAT | statuses: pending=3; running=3 | py_count=8 | py_ws_gb=5.55 | err_bytes=0
[2026-03-15 22:17:22] HEARTBEAT | statuses: pending=3; running=3 | py_ws_gb=5.77 | err_bytes=0
[2026-03-15 22:18:17] HEARTBEAT | statuses: pending=3; running=3 | py_count=8 | py_ws_gb=4.67 | err_bytes=0
[2026-03-15 22:18:23] HEARTBEAT | statuses: pending=3; running=3 | py_ws_gb=2.53 | err_bytes=0
[2026-03-15 22:19:18] HEARTBEAT | statuses: pending=3; running=3 | py_count=8 | py_ws_gb=1.46 | err_bytes=0
[2026-03-15 22:19:24] HEARTBEAT | statuses: pending=3; running=3 | py_ws_gb=1.37 | err_bytes=0
[2026-03-15 22:20:18] HEARTBEAT | statuses: pending=3; running=3 | py_count=8 | py_ws_gb=1 | err_bytes=0
[2026-03-15 22:20:25] HEARTBEAT | statuses: pending=3; running=3 | py_ws_gb=0.57 | err_bytes=0
[2026-03-15 22:21:19] HEARTBEAT | statuses: pending=3; running=3 | py_count=8 | py_ws_gb=0 | err_bytes=0
[2026-03-15 22:21:26] HEARTBEAT | statuses: pending=3; running=3 | py_ws_gb=0.02 | err_bytes=0
[2026-03-15 22:22:22] HEARTBEAT | statuses: pending=3; running=3 | py_count=8 | py_ws_gb=0.06 | err_bytes=0
[2026-03-15 22:22:28] HEARTBEAT | statuses: pending=3; running=3 | py_ws_gb=0.03 | err_bytes=0
[2026-03-15 22:23:23] HEARTBEAT | statuses: pending=3; running=3 | py_count=8 | py_ws_gb=0.02 | err_bytes=0
[2026-03-15 22:23:29] HEARTBEAT | statuses: pending=3; running=3 | py_ws_gb=0.13 | err_bytes=0
[2026-03-15 22:24:24] HEARTBEAT | statuses: pending=3; running=3 | py_count=8 | py_ws_gb=0.17 | err_bytes=0
[2026-03-15 22:24:30] HEARTBEAT | statuses: pending=3; running=3 | py_ws_gb=0.08 | err_bytes=0
[2026-03-15 22:25:24] HEARTBEAT | statuses: pending=3; running=3 | py_count=8 | py_ws_gb=0.01 | err_bytes=0
[2026-03-15 22:25:31] HEARTBEAT | statuses: pending=3; running=3 | py_ws_gb=0.02 | err_bytes=0
[2026-03-15 22:26:25] HEARTBEAT | statuses: pending=3; running=3 | py_count=8 | py_ws_gb=0.05 | err_bytes=0
[2026-03-15 22:26:35] HEARTBEAT | statuses: pending=3; running=3 | py_ws_gb=0.03 | err_bytes=0
[2026-03-15 22:27:26] HEARTBEAT | statuses: pending=3; running=3 | py_count=8 | py_ws_gb=0.01 | err_bytes=0
[2026-03-15 22:27:37] HEARTBEAT | statuses: pending=3; running=3 | py_ws_gb=0.10 | err_bytes=0
[2026-03-15 22:28:31] HEARTBEAT | statuses: pending=3; running=3 | py_count=8 | py_ws_gb=0.12 | err_bytes=0
[2026-03-15 22:28:38] HEARTBEAT | statuses: pending=3; running=3 | py_ws_gb=0.04 | err_bytes=0
[2026-03-15 22:29:31] HEARTBEAT | statuses: pending=3; running=3 | py_count=8 | py_ws_gb=0.08 | err_bytes=0
[2026-03-15 22:29:40] HEARTBEAT | statuses: pending=3; running=3 | py_ws_gb=0.11 | err_bytes=0
[2026-03-15 22:30:32] HEARTBEAT | statuses: pending=3; running=3 | py_count=8 | py_ws_gb=0.01 | err_bytes=0
[2026-03-15 22:30:41] HEARTBEAT | statuses: pending=3; running=3 | py_ws_gb=0.02 | err_bytes=0
[2026-03-15 22:31:33] HEARTBEAT | statuses: pending=3; running=3 | py_count=8 | py_ws_gb=0.03 | err_bytes=0
[2026-03-15 22:31:42] HEARTBEAT | statuses: pending=3; running=3 | py_ws_gb=0.02 | err_bytes=0
[2026-03-15 22:32:33] HEARTBEAT | statuses: pending=3; running=3 | py_count=8 | py_ws_gb=0.44 | err_bytes=0
[2026-03-15 22:32:43] HEARTBEAT | statuses: pending=3; running=3 | py_ws_gb=0.58 | err_bytes=0
[2026-03-15 22:33:34] HEARTBEAT | statuses: pending=3; running=3 | py_count=8 | py_ws_gb=0.65 | err_bytes=0
[2026-03-15 22:33:44] HEARTBEAT | statuses: pending=3; running=3 | py_ws_gb=0.63 | err_bytes=0
[2026-03-15 22:34:34] HEARTBEAT | statuses: pending=3; running=3 | py_count=8 | py_ws_gb=0.73 | err_bytes=0
[2026-03-15 22:34:45] HEARTBEAT | statuses: pending=3; running=3 | py_ws_gb=1.09 | err_bytes=0
[2026-03-15 22:35:35] HEARTBEAT | statuses: pending=3; running=3 | py_count=8 | py_ws_gb=1.78 | err_bytes=0
[2026-03-15 22:35:46] HEARTBEAT | statuses: pending=3; running=3 | py_ws_gb=2.01 | err_bytes=0
[2026-03-15 22:36:35] HEARTBEAT | statuses: pending=3; running=3 | py_count=8 | py_ws_gb=2.36 | err_bytes=0
[2026-03-15 22:36:47] HEARTBEAT | statuses: pending=3; running=3 | py_ws_gb=3.11 | err_bytes=0
[2026-03-15 22:37:36] HEARTBEAT | statuses: pending=3; running=3 | py_count=8 | py_ws_gb=4.35 | err_bytes=0
[2026-03-15 22:37:48] HEARTBEAT | statuses: pending=3; running=3 | py_ws_gb=4.52 | err_bytes=0
[2026-03-15 22:38:36] HEARTBEAT | statuses: pending=3; running=3 | py_count=8 | py_ws_gb=5.3 | err_bytes=0
[2026-03-15 22:38:49] HEARTBEAT | statuses: pending=3; running=3 | py_ws_gb=5.67 | err_bytes=0
[2026-03-15 22:39:36] HEARTBEAT | statuses: pending=3; running=3 | py_count=8 | py_ws_gb=5.21 | err_bytes=0
[2026-03-15 22:39:49] HEARTBEAT | statuses: pending=3; running=3 | py_ws_gb=5.65 | err_bytes=0
[2026-03-15 22:40:37] HEARTBEAT | statuses: pending=3; running=3 | py_count=8 | py_ws_gb=3.92 | err_bytes=0
[2026-03-15 22:40:50] HEARTBEAT | statuses: pending=3; running=3 | py_ws_gb=3.76 | err_bytes=0
[2026-03-15 22:41:37] HEARTBEAT | statuses: pending=3; running=3 | py_count=8 | py_ws_gb=5.35 | err_bytes=0
[2026-03-15 22:41:51] HEARTBEAT | statuses: pending=3; running=3 | py_ws_gb=5.70 | err_bytes=0
[2026-03-15 22:42:38] HEARTBEAT | statuses: pending=3; running=3 | py_count=8 | py_ws_gb=3.45 | err_bytes=0
[2026-03-15 22:42:52] HEARTBEAT | statuses: pending=3; running=3 | py_ws_gb=3.45 | err_bytes=0
[2026-03-15 22:43:38] HEARTBEAT | statuses: pending=3; running=3 | py_count=8 | py_ws_gb=4.94 | err_bytes=0
[2026-03-15 22:43:53] HEARTBEAT | statuses: pending=3; running=3 | py_ws_gb=4.83 | err_bytes=0
[2026-03-15 22:44:38] HEARTBEAT | statuses: pending=3; running=3 | py_count=8 | py_ws_gb=4.86 | err_bytes=0
[2026-03-15 22:44:54] HEARTBEAT | statuses: pending=3; running=3 | py_ws_gb=4.48 | err_bytes=0
[2026-03-15 22:45:39] HEARTBEAT | statuses: pending=3; running=3 | py_count=8 | py_ws_gb=5.41 | err_bytes=0
[2026-03-15 22:45:55] HEARTBEAT | statuses: pending=3; running=3 | py_ws_gb=5.84 | err_bytes=0
[2026-03-15 22:46:39] HEARTBEAT | statuses: pending=3; running=3 | py_count=8 | py_ws_gb=6.43 | err_bytes=0
[2026-03-15 22:46:57] HEARTBEAT | statuses: pending=3; running=3 | py_ws_gb=6.67 | err_bytes=0
[2026-03-15 22:47:40] HEARTBEAT | statuses: pending=3; running=3 | py_count=8 | py_ws_gb=7.08 | err_bytes=0
[2026-03-15 22:47:57] HEARTBEAT | statuses: pending=3; running=3 | py_ws_gb=7.55 | err_bytes=0
[2026-03-15 22:48:41] HEARTBEAT | statuses: pending=3; running=3 | py_count=8 | py_ws_gb=8.72 | err_bytes=0
[2026-03-15 22:48:58] HEARTBEAT | statuses: pending=3; running=3 | py_ws_gb=8.93 | err_bytes=0
[2026-03-15 22:49:41] HEARTBEAT | statuses: pending=3; running=3 | py_count=8 | py_ws_gb=8.36 | err_bytes=0
[2026-03-15 22:49:59] HEARTBEAT | statuses: pending=3; running=3 | py_ws_gb=8.88 | err_bytes=0
[2026-03-15 22:50:42] HEARTBEAT | statuses: pending=3; running=3 | py_count=8 | py_ws_gb=7.93 | err_bytes=0
[2026-03-15 22:51:00] HEARTBEAT | statuses: pending=3; running=3 | py_ws_gb=7.11 | err_bytes=0
[2026-03-15 22:51:42] HEARTBEAT | statuses: pending=3; running=3 | py_count=8 | py_ws_gb=7.32 | err_bytes=0
[2026-03-15 22:52:01] HEARTBEAT | statuses: pending=3; running=3 | py_ws_gb=6.74 | err_bytes=0
[2026-03-15 22:52:42] HEARTBEAT | statuses: pending=3; running=3 | py_count=8 | py_ws_gb=5.64 | err_bytes=0
[2026-03-15 22:53:02] HEARTBEAT | statuses: pending=3; running=3 | py_ws_gb=5.21 | err_bytes=0
[2026-03-15 22:53:42] HEARTBEAT | statuses: pending=3; running=3 | py_count=8 | py_ws_gb=4.03 | err_bytes=0
[2026-03-15 22:54:02] HEARTBEAT | statuses: pending=3; running=3 | py_ws_gb=3.93 | err_bytes=0
[2026-03-15 22:54:42] HEARTBEAT | statuses: pending=3; running=3 | py_count=8 | py_ws_gb=3.23 | err_bytes=0
[2026-03-15 22:55:03] HEARTBEAT | statuses: pending=3; running=3 | py_ws_gb=3.07 | err_bytes=0
[2026-03-15 22:55:42] HEARTBEAT | statuses: pending=3; running=3 | py_count=8 | py_ws_gb=2.38 | err_bytes=0
[2026-03-15 22:56:04] HEARTBEAT | statuses: pending=3; running=3 | py_ws_gb=1.84 | err_bytes=0
[2026-03-15 22:56:43] HEARTBEAT | statuses: pending=3; running=3 | py_count=8 | py_ws_gb=1.93 | err_bytes=0
[2026-03-15 22:57:05] HEARTBEAT | statuses: pending=3; running=3 | py_ws_gb=2.14 | err_bytes=0
[2026-03-15 22:57:43] HEARTBEAT | statuses: pending=3; running=3 | py_count=8 | py_ws_gb=1.53 | err_bytes=0
[2026-03-15 22:58:06] HEARTBEAT | statuses: pending=3; running=3 | py_ws_gb=1.54 | err_bytes=0
[2026-03-15 22:58:43] HEARTBEAT | statuses: pending=3; running=3 | py_count=8 | py_ws_gb=1.13 | err_bytes=0
[2026-03-15 22:59:07] HEARTBEAT | statuses: pending=3; running=3 | py_ws_gb=1.08 | err_bytes=0
[2026-03-15 22:59:43] HEARTBEAT | statuses: pending=3; running=3 | py_count=8 | py_ws_gb=1.06 | err_bytes=0
[2026-03-15 23:00:07] HEARTBEAT | statuses: pending=3; running=3 | py_ws_gb=0.71 | err_bytes=0
[2026-03-15 23:00:43] HEARTBEAT | statuses: pending=3; running=3 | py_count=8 | py_ws_gb=0.7 | err_bytes=0
[2026-03-15 23:01:08] HEARTBEAT | statuses: pending=3; running=3 | py_ws_gb=0.82 | err_bytes=0
[2026-03-15 23:01:44] HEARTBEAT | statuses: pending=3; running=3 | py_count=8 | py_ws_gb=0.52 | err_bytes=0
[2026-03-15 23:02:09] HEARTBEAT | statuses: pending=3; running=3 | py_ws_gb=0.70 | err_bytes=0
[2026-03-15 23:02:44] HEARTBEAT | statuses: pending=3; running=3 | py_count=8 | py_ws_gb=0.78 | err_bytes=0
[2026-03-15 23:03:10] HEARTBEAT | statuses: pending=3; running=3 | py_ws_gb=0.60 | err_bytes=0
[2026-03-15 23:03:44] HEARTBEAT | statuses: pending=3; running=3 | py_count=8 | py_ws_gb=0.59 | err_bytes=0
[2026-03-15 23:04:11] HEARTBEAT | statuses: pending=3; running=3 | py_ws_gb=0.47 | err_bytes=0
[2026-03-15 23:04:44] HEARTBEAT | statuses: pending=3; running=3 | py_count=8 | py_ws_gb=0.82 | err_bytes=0
[2026-03-15 23:05:12] HEARTBEAT | statuses: pending=3; running=3 | py_ws_gb=0.53 | err_bytes=0
[2026-03-15 23:05:45] HEARTBEAT | statuses: pending=3; running=3 | py_count=8 | py_ws_gb=0.6 | err_bytes=0
[2026-03-15 23:06:13] HEARTBEAT | statuses: pending=3; running=3 | py_ws_gb=1.08 | err_bytes=0
[2026-03-15 23:06:45] HEARTBEAT | statuses: pending=3; running=3 | py_count=8 | py_ws_gb=0.91 | err_bytes=0
[2026-03-15 23:07:13] HEARTBEAT | statuses: pending=3; running=3 | py_ws_gb=0.70 | err_bytes=0
[2026-03-15 23:07:45] HEARTBEAT | statuses: pending=3; running=3 | py_count=8 | py_ws_gb=0.58 | err_bytes=0
[2026-03-15 23:08:14] HEARTBEAT | statuses: pending=3; running=3 | py_ws_gb=0.50 | err_bytes=0
[2026-03-15 23:08:45] HEARTBEAT | statuses: pending=3; running=3 | py_count=8 | py_ws_gb=0.64 | err_bytes=0
[2026-03-15 23:09:15] HEARTBEAT | statuses: pending=3; running=3 | py_ws_gb=0.97 | err_bytes=0
[2026-03-15 23:09:46] HEARTBEAT | statuses: pending=3; running=3 | py_count=8 | py_ws_gb=0.94 | err_bytes=0
[2026-03-15 23:10:16] HEARTBEAT | statuses: pending=3; running=3 | py_ws_gb=0.68 | err_bytes=0
[2026-03-15 23:10:46] HEARTBEAT | statuses: pending=3; running=3 | py_count=8 | py_ws_gb=0.67 | err_bytes=0
[2026-03-15 23:11:17] HEARTBEAT | statuses: pending=3; running=3 | py_ws_gb=0.65 | err_bytes=0
[2026-03-15 23:11:46] HEARTBEAT | statuses: pending=3; running=3 | py_count=8 | py_ws_gb=0.73 | err_bytes=0
[2026-03-15 23:12:18] HEARTBEAT | statuses: pending=3; running=3 | py_ws_gb=0.87 | err_bytes=0
[2026-03-15 23:12:47] HEARTBEAT | statuses: pending=3; running=3 | py_count=8 | py_ws_gb=0.58 | err_bytes=0
[2026-03-15 23:13:19] HEARTBEAT | statuses: pending=3; running=3 | py_ws_gb=0.67 | err_bytes=0
[2026-03-15 23:13:47] HEARTBEAT | statuses: pending=3; running=3 | py_count=8 | py_ws_gb=0.92 | err_bytes=0
[2026-03-15 23:14:20] HEARTBEAT | statuses: pending=3; running=3 | py_ws_gb=0.71 | err_bytes=0
[2026-03-15 23:14:47] HEARTBEAT | statuses: pending=3; running=3 | py_count=8 | py_ws_gb=0.44 | err_bytes=0
[2026-03-15 23:15:21] HEARTBEAT | statuses: pending=3; running=3 | py_ws_gb=0.31 | err_bytes=0
[2026-03-15 23:15:47] HEARTBEAT | statuses: pending=3; running=3 | py_count=8 | py_ws_gb=0.15 | err_bytes=0
[2026-03-15 23:16:22] HEARTBEAT | statuses: pending=3; running=3 | py_ws_gb=0.15 | err_bytes=0
[2026-03-15 23:16:48] HEARTBEAT | statuses: pending=3; running=3 | py_count=8 | py_ws_gb=0.1 | err_bytes=0
[2026-03-15 23:17:24] HEARTBEAT | statuses: pending=3; running=3 | py_ws_gb=0.20 | err_bytes=0
[2026-03-15 23:17:48] HEARTBEAT | statuses: pending=3; running=3 | py_count=8 | py_ws_gb=0.01 | err_bytes=0
[2026-03-15 23:18:25] HEARTBEAT | statuses: pending=3; running=3 | py_ws_gb=0.03 | err_bytes=0
[2026-03-15 23:18:49] HEARTBEAT | statuses: pending=3; running=3 | py_count=8 | py_ws_gb=0.17 | err_bytes=0
[2026-03-15 23:19:26] HEARTBEAT | statuses: pending=3; running=3 | py_ws_gb=0.03 | err_bytes=0
[2026-03-15 23:19:50] HEARTBEAT | statuses: pending=3; running=3 | py_count=8 | py_ws_gb=0.01 | err_bytes=0
[2026-03-15 23:20:28] HEARTBEAT | statuses: pending=3; running=3 | py_ws_gb=0.01 | err_bytes=0
[2026-03-15 23:20:52] HEARTBEAT | statuses: pending=3; running=3 | py_count=8 | py_ws_gb=0.06 | err_bytes=0
[2026-03-15 23:21:30] HEARTBEAT | statuses: pending=3; running=3 | py_ws_gb=0.94 | err_bytes=0
[2026-03-15 23:21:54] HEARTBEAT | statuses: pending=3; running=3 | py_count=8 | py_ws_gb=0.27 | err_bytes=0
[2026-03-15 23:22:31] HEARTBEAT | statuses: pending=3; running=3 | py_ws_gb=0.20 | err_bytes=0
[2026-03-15 23:22:54] HEARTBEAT | statuses: pending=3; running=3 | py_count=8 | py_ws_gb=0.26 | err_bytes=0
[2026-03-15 23:23:32] HEARTBEAT | statuses: pending=3; running=3 | py_ws_gb=0.35 | err_bytes=0
[2026-03-15 23:23:55] HEARTBEAT | statuses: pending=3; running=3 | py_count=8 | py_ws_gb=0.23 | err_bytes=0
[2026-03-15 23:24:33] HEARTBEAT | statuses: pending=3; running=3 | py_ws_gb=0.21 | err_bytes=0
[2026-03-15 23:24:55] HEARTBEAT | statuses: pending=3; running=3 | py_count=8 | py_ws_gb=0.35 | err_bytes=0
[2026-03-15 23:25:34] HEARTBEAT | statuses: pending=3; running=3 | py_ws_gb=0.26 | err_bytes=0
[2026-03-15 23:25:56] HEARTBEAT | statuses: pending=3; running=3 | py_count=8 | py_ws_gb=0.04 | err_bytes=0
[2026-03-15 23:26:35] HEARTBEAT | statuses: pending=3; running=3 | py_ws_gb=0.09 | err_bytes=0
[2026-03-15 23:26:57] HEARTBEAT | statuses: pending=3; running=3 | py_count=8 | py_ws_gb=0.12 | err_bytes=0
[2026-03-15 23:27:36] HEARTBEAT | statuses: pending=3; running=3 | py_ws_gb=0.92 | err_bytes=0
[2026-03-15 23:27:57] HEARTBEAT | statuses: pending=3; running=3 | py_count=8 | py_ws_gb=0.4 | err_bytes=0
[2026-03-15 23:28:37] HEARTBEAT | statuses: pending=3; running=3 | py_ws_gb=0.35 | err_bytes=0
[2026-03-15 23:28:57] HEARTBEAT | statuses: pending=3; running=3 | py_count=8 | py_ws_gb=0.21 | err_bytes=0
[2026-03-15 23:29:38] HEARTBEAT | statuses: pending=3; running=3 | py_ws_gb=0.21 | err_bytes=0
[2026-03-15 23:29:58] HEARTBEAT | statuses: pending=3; running=3 | py_count=8 | py_ws_gb=0.23 | err_bytes=0
[2026-03-15 23:30:39] HEARTBEAT | statuses: pending=3; running=3 | py_ws_gb=0.28 | err_bytes=0
[2026-03-15 23:30:59] HEARTBEAT | statuses: pending=3; running=3 | py_count=8 | py_ws_gb=0.13 | err_bytes=0
[2026-03-15 23:31:40] HEARTBEAT | statuses: pending=3; running=3 | py_ws_gb=0.14 | err_bytes=0
[2026-03-15 23:31:59] HEARTBEAT | statuses: pending=3; running=3 | py_count=8 | py_ws_gb=0.62 | err_bytes=0
[2026-03-15 23:32:42] HEARTBEAT | statuses: pending=3; running=3 | py_ws_gb=0.31 | err_bytes=0
[2026-03-15 23:33:00] HEARTBEAT | statuses: pending=3; running=3 | py_count=8 | py_ws_gb=0.05 | err_bytes=0
[2026-03-15 23:33:43] HEARTBEAT | statuses: pending=3; running=3 | py_ws_gb=0.07 | err_bytes=0
[2026-03-15 23:34:01] HEARTBEAT | statuses: pending=3; running=3 | py_count=8 | py_ws_gb=0.02 | err_bytes=0
[2026-03-15 23:34:44] HEARTBEAT | statuses: pending=3; running=3 | py_ws_gb=0.16 | err_bytes=0
[2026-03-15 23:35:02] HEARTBEAT | statuses: pending=3; running=3 | py_count=8 | py_ws_gb=0.5 | err_bytes=0
[2026-03-15 23:35:45] HEARTBEAT | statuses: pending=3; running=3 | py_ws_gb=0.99 | err_bytes=0
[2026-03-15 23:36:02] HEARTBEAT | statuses: pending=3; running=3 | py_count=8 | py_ws_gb=0.63 | err_bytes=0
[2026-03-15 23:36:46] HEARTBEAT | statuses: pending=3; running=3 | py_ws_gb=0.35 | err_bytes=0
[2026-03-15 23:37:02] HEARTBEAT | statuses: pending=3; running=3 | py_count=8 | py_ws_gb=0.43 | err_bytes=0
[2026-03-15 23:37:47] HEARTBEAT | statuses: pending=3; running=3 | py_ws_gb=0.16 | err_bytes=0
[2026-03-15 23:38:02] HEARTBEAT | statuses: pending=3; running=3 | py_count=8 | py_ws_gb=0.36 | err_bytes=0
[2026-03-15 23:38:49] HEARTBEAT | statuses: pending=3; running=3 | py_ws_gb=0.57 | err_bytes=0
[2026-03-15 23:39:03] HEARTBEAT | statuses: pending=3; running=3 | py_count=8 | py_ws_gb=0.45 | err_bytes=0
[2026-03-15 23:39:50] HEARTBEAT | statuses: pending=3; running=3 | py_ws_gb=0.54 | err_bytes=0
[2026-03-15 23:40:04] HEARTBEAT | statuses: pending=3; running=3 | py_count=8 | py_ws_gb=0.54 | err_bytes=0
[2026-03-15 23:40:51] HEARTBEAT | statuses: pending=3; running=3 | py_ws_gb=0.42 | err_bytes=0
[2026-03-15 23:41:04] HEARTBEAT | statuses: pending=3; running=3 | py_count=8 | py_ws_gb=0.42 | err_bytes=0
[2026-03-15 23:41:52] HEARTBEAT | statuses: pending=3; running=3 | py_ws_gb=0.46 | err_bytes=0
[2026-03-15 23:42:04] HEARTBEAT | statuses: pending=3; running=3 | py_count=8 | py_ws_gb=0.43 | err_bytes=0
[2026-03-15 23:42:52] HEARTBEAT | statuses: pending=3; running=3 | py_ws_gb=0.59 | err_bytes=0
[2026-03-15 23:43:05] HEARTBEAT | statuses: pending=3; running=3 | py_count=8 | py_ws_gb=0.16 | err_bytes=0
[2026-03-15 23:43:53] HEARTBEAT | statuses: pending=3; running=3 | py_ws_gb=0.56 | err_bytes=0
[2026-03-15 23:44:07] HEARTBEAT | statuses: pending=3; running=3 | py_count=8 | py_ws_gb=0.2 | err_bytes=0
[2026-03-15 23:44:54] HEARTBEAT | statuses: pending=3; running=3 | py_ws_gb=0.53 | err_bytes=0
[2026-03-15 23:45:07] HEARTBEAT | statuses: pending=3; running=3 | py_count=8 | py_ws_gb=0.42 | err_bytes=0
[2026-03-15 23:45:55] HEARTBEAT | statuses: pending=3; running=3 | py_ws_gb=0.66 | err_bytes=0
[2026-03-15 23:46:07] HEARTBEAT | statuses: pending=3; running=3 | py_count=8 | py_ws_gb=0.39 | err_bytes=0
[2026-03-15 23:46:56] HEARTBEAT | statuses: pending=3; running=3 | py_ws_gb=0.58 | err_bytes=0
[2026-03-15 23:47:08] HEARTBEAT | statuses: pending=3; running=3 | py_count=8 | py_ws_gb=0.56 | err_bytes=0
[2026-03-15 23:47:57] HEARTBEAT | statuses: pending=3; running=3 | py_ws_gb=0.50 | err_bytes=0
[2026-03-15 23:48:08] HEARTBEAT | statuses: pending=3; running=3 | py_count=8 | py_ws_gb=0.38 | err_bytes=0
[2026-03-15 23:48:57] HEARTBEAT | statuses: pending=3; running=3 | py_ws_gb=0.51 | err_bytes=0
[2026-03-15 23:49:08] HEARTBEAT | statuses: pending=3; running=3 | py_count=8 | py_ws_gb=0.71 | err_bytes=0
[2026-03-15 23:49:58] HEARTBEAT | statuses: pending=3; running=3 | py_ws_gb=0.64 | err_bytes=0
[2026-03-15 23:50:08] HEARTBEAT | statuses: pending=3; running=3 | py_count=8 | py_ws_gb=0.3 | err_bytes=0
[2026-03-15 23:50:59] HEARTBEAT | statuses: pending=3; running=3 | py_ws_gb=0.47 | err_bytes=0
[2026-03-15 23:51:09] HEARTBEAT | statuses: pending=3; running=3 | py_count=8 | py_ws_gb=0.37 | err_bytes=0
[2026-03-15 23:52:00] HEARTBEAT | statuses: pending=3; running=3 | py_ws_gb=0.63 | err_bytes=0
[2026-03-15 23:52:09] HEARTBEAT | statuses: pending=3; running=3 | py_count=8 | py_ws_gb=0.54 | err_bytes=0
[2026-03-15 23:53:01] HEARTBEAT | statuses: pending=3; running=3 | py_ws_gb=0.45 | err_bytes=0
[2026-03-15 23:53:10] HEARTBEAT | statuses: pending=3; running=3 | py_count=8 | py_ws_gb=0.46 | err_bytes=0
[2026-03-15 23:54:02] HEARTBEAT | statuses: pending=3; running=3 | py_ws_gb=0.31 | err_bytes=0
[2026-03-15 23:54:10] HEARTBEAT | statuses: pending=3; running=3 | py_count=8 | py_ws_gb=0.45 | err_bytes=0
[2026-03-15 23:55:03] HEARTBEAT | statuses: pending=3; running=3 | py_ws_gb=0.70 | err_bytes=0
[2026-03-15 23:55:11] HEARTBEAT | statuses: pending=3; running=3 | py_count=8 | py_ws_gb=0.64 | err_bytes=0
[2026-03-15 23:56:04] HEARTBEAT | statuses: pending=3; running=3 | py_ws_gb=0.32 | err_bytes=0
[2026-03-15 23:56:11] HEARTBEAT | statuses: pending=3; running=3 | py_count=8 | py_ws_gb=0.58 | err_bytes=0
[2026-03-15 23:57:05] HEARTBEAT | statuses: pending=3; running=3 | py_ws_gb=0.02 | err_bytes=0
[2026-03-15 23:57:11] HEARTBEAT | statuses: pending=3; running=3 | py_count=8 | py_ws_gb=0.16 | err_bytes=0
[2026-03-15 23:58:07] HEARTBEAT | statuses: pending=3; running=3 | py_ws_gb=0.02 | err_bytes=0
[2026-03-15 23:58:12] HEARTBEAT | statuses: pending=3; running=3 | py_count=8 | py_ws_gb=0.03 | err_bytes=0
[2026-03-15 23:59:08] HEARTBEAT | statuses: pending=3; running=3 | py_ws_gb=0.11 | err_bytes=0
[2026-03-15 23:59:12] HEARTBEAT | statuses: pending=3; running=3 | py_count=8 | py_ws_gb=0.1 | err_bytes=0
[2026-03-16 00:00:10] HEARTBEAT | statuses: pending=3; running=3 | py_ws_gb=0.03 | err_bytes=0
[2026-03-16 00:00:13] HEARTBEAT | statuses: pending=3; running=3 | py_count=8 | py_ws_gb=0.01 | err_bytes=0
[2026-03-16 00:01:12] HEARTBEAT | statuses: pending=3; running=3 | py_ws_gb=0.02 | err_bytes=0
[2026-03-16 00:01:13] HEARTBEAT | statuses: pending=3; running=3 | py_count=8 | py_ws_gb=0.03 | err_bytes=0
[2026-03-16 00:02:14] HEARTBEAT | statuses: pending=3; running=3 | py_count=8 | py_ws_gb=0.05 | err_bytes=0
[2026-03-16 00:02:14] HEARTBEAT | statuses: pending=3; running=3 | py_ws_gb=0.02 | err_bytes=0
[2026-03-16 00:03:15] HEARTBEAT | statuses: pending=3; running=3 | py_count=8 | py_ws_gb=0.08 | err_bytes=0
[2026-03-16 00:03:15] HEARTBEAT | statuses: pending=3; running=3 | py_ws_gb=0.04 | err_bytes=0
[2026-03-16 00:04:15] HEARTBEAT | statuses: pending=3; running=3 | py_count=8 | py_ws_gb=0 | err_bytes=0
[2026-03-16 00:04:16] HEARTBEAT | statuses: pending=3; running=3 | py_ws_gb=0.01 | err_bytes=0
[2026-03-16 00:05:16] HEARTBEAT | statuses: pending=3; running=3 | py_count=8 | py_ws_gb=0.03 | err_bytes=0
[2026-03-16 00:05:17] HEARTBEAT | statuses: pending=3; running=3 | py_ws_gb=0.02 | err_bytes=0
[2026-03-16 00:06:18] HEARTBEAT | statuses: pending=3; running=3 | py_count=8 | py_ws_gb=0 | err_bytes=0
[2026-03-16 00:06:19] HEARTBEAT | statuses: pending=3; running=3 | py_ws_gb=0.04 | err_bytes=0
[2026-03-16 00:07:20] HEARTBEAT | statuses: pending=3; running=3 | py_count=8 | py_ws_gb=0.01 | err_bytes=0
[2026-03-16 00:07:26] HEARTBEAT | statuses: pending=3; running=3 | py_ws_gb=0.01 | err_bytes=0
[2026-03-16 00:08:24] HEARTBEAT | statuses: pending=3; running=3 | py_count=8 | py_ws_gb=0.02 | err_bytes=0
[2026-03-16 00:08:28] HEARTBEAT | statuses: pending=3; running=3 | py_ws_gb=0.03 | err_bytes=0
[2026-03-16 00:09:24] HEARTBEAT | statuses: pending=3; running=3 | py_count=8 | py_ws_gb=0 | err_bytes=0
[2026-03-16 00:09:33] HEARTBEAT | statuses: pending=3; running=3 | py_ws_gb=0.01 | err_bytes=0
[2026-03-16 00:10:25] HEARTBEAT | statuses: pending=3; running=3 | py_count=8 | py_ws_gb=0 | err_bytes=0
[2026-03-16 00:10:36] HEARTBEAT | statuses: pending=3; running=3 | py_ws_gb=0.02 | err_bytes=0
[2026-03-16 00:11:26] HEARTBEAT | statuses: pending=3; running=3 | py_count=8 | py_ws_gb=0.02 | err_bytes=0
[2026-03-16 00:11:38] HEARTBEAT | statuses: pending=3; running=3 | py_ws_gb=0.01 | err_bytes=0
[2026-03-16 00:12:28] HEARTBEAT | statuses: pending=3; running=3 | py_count=8 | py_ws_gb=0 | err_bytes=0
[2026-03-16 00:12:39] HEARTBEAT | statuses: pending=3; running=3 | py_ws_gb=0.01 | err_bytes=0
[2026-03-16 00:13:30] HEARTBEAT | statuses: pending=3; running=3 | py_count=8 | py_ws_gb=0.01 | err_bytes=0
[2026-03-16 00:13:44] HEARTBEAT | statuses: pending=3; running=3 | py_ws_gb=0.04 | err_bytes=0
[2026-03-16 00:14:32] HEARTBEAT | statuses: pending=3; running=3 | py_count=8 | py_ws_gb=0.01 | err_bytes=0
[2026-03-16 00:14:46] HEARTBEAT | statuses: pending=3; running=3 | py_ws_gb=0.04 | err_bytes=0
[2026-03-16 00:15:35] HEARTBEAT | statuses: pending=3; running=3 | py_count=8 | py_ws_gb=0.02 | err_bytes=0
[2026-03-16 00:15:49] HEARTBEAT | statuses: pending=3; running=3 | py_ws_gb=0.03 | err_bytes=0
[2026-03-16 00:16:36] HEARTBEAT | statuses: pending=3; running=3 | py_count=8 | py_ws_gb=0.03 | err_bytes=0
[2026-03-16 00:16:52] HEARTBEAT | statuses: pending=3; running=3 | py_ws_gb=0.03 | err_bytes=0
[2026-03-16 00:17:37] HEARTBEAT | statuses: pending=3; running=3 | py_count=8 | py_ws_gb=0.02 | err_bytes=0
[2026-03-16 00:17:53] HEARTBEAT | statuses: pending=3; running=3 | py_ws_gb=0.05 | err_bytes=0
[2026-03-16 00:18:38] HEARTBEAT | statuses: pending=3; running=3 | py_count=8 | py_ws_gb=0.03 | err_bytes=0
[2026-03-16 00:18:55] HEARTBEAT | statuses: pending=3; running=3 | py_ws_gb=0.02 | err_bytes=0
[2026-03-16 00:19:38] HEARTBEAT | statuses: pending=3; running=3 | py_count=8 | py_ws_gb=0.02 | err_bytes=0
[2026-03-16 00:19:58] HEARTBEAT | statuses: pending=3; running=3 | py_ws_gb=0.02 | err_bytes=0
[2026-03-16 00:20:39] HEARTBEAT | statuses: pending=3; running=3 | py_count=8 | py_ws_gb=0.04 | err_bytes=0
[2026-03-16 00:20:59] HEARTBEAT | statuses: pending=3; running=3 | py_ws_gb=0.02 | err_bytes=0
[2026-03-16 00:21:40] HEARTBEAT | statuses: pending=3; running=3 | py_count=8 | py_ws_gb=0.03 | err_bytes=0
[2026-03-16 00:22:01] HEARTBEAT | statuses: pending=3; running=3 | py_ws_gb=0.02 | err_bytes=0
[2026-03-16 00:22:40] HEARTBEAT | statuses: pending=3; running=3 | py_count=8 | py_ws_gb=0.03 | err_bytes=0
[2026-03-16 00:23:04] HEARTBEAT | statuses: pending=3; running=3 | py_ws_gb=0.05 | err_bytes=0
[2026-03-16 00:23:41] HEARTBEAT | statuses: pending=3; running=3 | py_count=8 | py_ws_gb=0.04 | err_bytes=0
[2026-03-16 00:24:05] HEARTBEAT | statuses: pending=3; running=3 | py_ws_gb=0.04 | err_bytes=0
[2026-03-16 00:24:42] HEARTBEAT | statuses: pending=3; running=3 | py_count=8 | py_ws_gb=0.03 | err_bytes=0
[2026-03-16 00:25:07] HEARTBEAT | statuses: pending=3; running=3 | py_ws_gb=0.04 | err_bytes=0
[2026-03-16 00:25:42] HEARTBEAT | statuses: pending=3; running=3 | py_count=8 | py_ws_gb=0.39 | err_bytes=0
[2026-03-16 00:26:09] HEARTBEAT | statuses: pending=3; running=3 | py_ws_gb=0.06 | err_bytes=0
[2026-03-16 00:26:42] HEARTBEAT | statuses: pending=3; running=3 | py_count=8 | py_ws_gb=0.12 | err_bytes=0
[2026-03-16 00:27:10] HEARTBEAT | statuses: pending=3; running=3 | py_ws_gb=0.04 | err_bytes=0
[2026-03-16 00:27:43] HEARTBEAT | statuses: pending=3; running=3 | py_count=8 | py_ws_gb=0.02 | err_bytes=0
[2026-03-16 00:28:12] HEARTBEAT | statuses: pending=3; running=3 | py_ws_gb=0.03 | err_bytes=0
[2026-03-16 00:28:44] HEARTBEAT | statuses: pending=3; running=3 | py_count=8 | py_ws_gb=0.02 | err_bytes=0
[2026-03-16 00:29:14] HEARTBEAT | statuses: pending=3; running=3 | py_ws_gb=0.04 | err_bytes=0
[2026-03-16 00:29:44] HEARTBEAT | statuses: pending=3; running=3 | py_count=8 | py_ws_gb=0.04 | err_bytes=0
[2026-03-16 00:30:16] HEARTBEAT | statuses: pending=3; running=3 | py_ws_gb=0.02 | err_bytes=0
[2026-03-16 00:30:45] HEARTBEAT | statuses: pending=3; running=3 | py_count=8 | py_ws_gb=0 | err_bytes=0
[2026-03-16 00:31:19] HEARTBEAT | statuses: pending=3; running=3 | py_ws_gb=0.02 | err_bytes=0
[2026-03-16 00:31:45] HEARTBEAT | statuses: pending=3; running=3 | py_count=8 | py_ws_gb=0.01 | err_bytes=0
[2026-03-16 00:32:20] HEARTBEAT | statuses: pending=3; running=3 | py_ws_gb=0.06 | err_bytes=0
[2026-03-16 00:32:46] HEARTBEAT | statuses: pending=3; running=3 | py_count=8 | py_ws_gb=0 | err_bytes=0
[2026-03-16 00:33:22] HEARTBEAT | statuses: pending=3; running=3 | py_ws_gb=0.03 | err_bytes=0
[2026-03-16 00:33:47] HEARTBEAT | statuses: pending=3; running=3 | py_count=8 | py_ws_gb=0.04 | err_bytes=0
[2026-03-16 00:34:24] HEARTBEAT | statuses: pending=3; running=3 | py_ws_gb=0.03 | err_bytes=0
[2026-03-16 00:34:48] HEARTBEAT | statuses: pending=3; running=3 | py_count=8 | py_ws_gb=0.02 | err_bytes=0
[2026-03-16 00:35:26] HEARTBEAT | statuses: pending=3; running=3 | py_ws_gb=0.05 | err_bytes=0
[2026-03-16 00:35:49] HEARTBEAT | statuses: pending=3; running=3 | py_count=8 | py_ws_gb=0.02 | err_bytes=0
[2026-03-16 00:36:28] HEARTBEAT | statuses: pending=3; running=3 | py_ws_gb=0.02 | err_bytes=0
[2026-03-16 00:36:50] HEARTBEAT | statuses: pending=3; running=3 | py_count=8 | py_ws_gb=0.04 | err_bytes=0
[2026-03-16 00:37:29] HEARTBEAT | statuses: pending=3; running=3 | py_ws_gb=0.01 | err_bytes=0
[2026-03-16 00:38:04] HEARTBEAT | statuses: pending=3; running=3 | py_count=8 | py_ws_gb=0.03 | err_bytes=0
[2026-03-16 00:38:31] HEARTBEAT | statuses: pending=3; running=3 | py_ws_gb=0.03 | err_bytes=0
[2026-03-16 00:39:16] HEARTBEAT | statuses: pending=3; running=3 | py_count=8 | py_ws_gb=0.06 | err_bytes=0
[2026-03-16 00:39:34] HEARTBEAT | statuses: pending=3; running=3 | py_ws_gb=0.02 | err_bytes=0
[2026-03-16 00:40:17] HEARTBEAT | statuses: pending=3; running=3 | py_count=8 | py_ws_gb=0.02 | err_bytes=0
[2026-03-16 00:40:36] HEARTBEAT | statuses: pending=3; running=3 | py_ws_gb=0.08 | err_bytes=0
[2026-03-16 00:41:19] HEARTBEAT | statuses: pending=3; running=3 | py_count=8 | py_ws_gb=0.06 | err_bytes=0
[2026-03-16 00:41:38] HEARTBEAT | statuses: pending=3; running=3 | py_ws_gb=0.01 | err_bytes=0
[2026-03-16 00:42:20] HEARTBEAT | statuses: pending=3; running=3 | py_count=8 | py_ws_gb=0.04 | err_bytes=0
[2026-03-16 00:42:39] HEARTBEAT | statuses: pending=3; running=3 | py_ws_gb=0.31 | err_bytes=0
[2026-03-16 00:43:21] HEARTBEAT | statuses: pending=3; running=3 | py_count=8 | py_ws_gb=0.03 | err_bytes=0
[2026-03-16 00:43:40] HEARTBEAT | statuses: pending=3; running=3 | py_ws_gb=0.07 | err_bytes=0
[2026-03-16 00:44:23] HEARTBEAT | statuses: pending=3; running=3 | py_count=8 | py_ws_gb=0.04 | err_bytes=0
[2026-03-16 00:44:41] HEARTBEAT | statuses: pending=3; running=3 | py_ws_gb=0.15 | err_bytes=0
[2026-03-16 00:45:24] HEARTBEAT | statuses: pending=3; running=3 | py_count=8 | py_ws_gb=0.03 | err_bytes=0
[2026-03-16 00:45:43] HEARTBEAT | statuses: pending=3; running=3 | py_ws_gb=0.10 | err_bytes=0
[2026-03-16 00:46:25] HEARTBEAT | statuses: pending=3; running=3 | py_count=8 | py_ws_gb=0.05 | err_bytes=0
[2026-03-16 00:46:44] HEARTBEAT | statuses: pending=3; running=3 | py_ws_gb=0.07 | err_bytes=0
[2026-03-16 00:47:25] HEARTBEAT | statuses: pending=3; running=3 | py_count=8 | py_ws_gb=0.02 | err_bytes=0
[2026-03-16 00:47:45] HEARTBEAT | statuses: pending=3; running=3 | py_ws_gb=0.04 | err_bytes=0
[2026-03-16 00:48:26] HEARTBEAT | statuses: pending=3; running=3 | py_count=8 | py_ws_gb=0.03 | err_bytes=0
[2026-03-16 00:48:47] HEARTBEAT | statuses: pending=3; running=3 | py_ws_gb=0.04 | err_bytes=0
[2026-03-16 00:49:27] HEARTBEAT | statuses: pending=3; running=3 | py_count=8 | py_ws_gb=0.02 | err_bytes=0
[2026-03-16 00:49:48] HEARTBEAT | statuses: pending=3; running=3 | py_ws_gb=0.08 | err_bytes=0
[2026-03-16 00:50:28] HEARTBEAT | statuses: pending=3; running=3 | py_count=8 | py_ws_gb=0.03 | err_bytes=0
[2026-03-16 00:50:49] HEARTBEAT | statuses: pending=3; running=3 | py_ws_gb=0.04 | err_bytes=0
[2026-03-16 00:51:29] HEARTBEAT | statuses: pending=3; running=3 | py_count=8 | py_ws_gb=0.03 | err_bytes=0
[2026-03-16 00:51:51] HEARTBEAT | statuses: pending=3; running=3 | py_ws_gb=0.04 | err_bytes=0
[2026-03-16 00:52:30] HEARTBEAT | statuses: pending=3; running=3 | py_count=8 | py_ws_gb=0.04 | err_bytes=0
[2026-03-16 00:52:52] HEARTBEAT | statuses: pending=3; running=3 | py_ws_gb=0.04 | err_bytes=0
[2026-03-16 00:53:31] HEARTBEAT | statuses: pending=3; running=3 | py_count=8 | py_ws_gb=0.04 | err_bytes=0
[2026-03-16 00:53:54] HEARTBEAT | statuses: pending=3; running=3 | py_ws_gb=0.05 | err_bytes=0
[2026-03-16 00:54:31] HEARTBEAT | statuses: pending=3; running=3 | py_count=8 | py_ws_gb=0 | err_bytes=0
[2026-03-16 00:54:56] HEARTBEAT | statuses: pending=3; running=3 | py_ws_gb=0.04 | err_bytes=0
[2026-03-16 00:55:34] HEARTBEAT | statuses: pending=3; running=3 | py_count=8 | py_ws_gb=0.04 | err_bytes=0
[2026-03-16 00:55:58] HEARTBEAT | statuses: pending=3; running=3 | py_ws_gb=0.03 | err_bytes=0
[2026-03-16 00:56:34] HEARTBEAT | statuses: pending=3; running=3 | py_count=8 | py_ws_gb=0.14 | err_bytes=0
[2026-03-16 00:56:59] HEARTBEAT | statuses: pending=3; running=3 | py_ws_gb=0.03 | err_bytes=0
[2026-03-16 00:57:35] HEARTBEAT | statuses: pending=3; running=3 | py_count=8 | py_ws_gb=0.02 | err_bytes=0
[2026-03-16 00:58:01] HEARTBEAT | statuses: pending=3; running=3 | py_ws_gb=0.04 | err_bytes=0
[2026-03-16 00:58:35] HEARTBEAT | statuses: pending=3; running=3 | py_count=8 | py_ws_gb=0.07 | err_bytes=0
[2026-03-16 00:59:03] HEARTBEAT | statuses: pending=3; running=3 | py_ws_gb=0.10 | err_bytes=0
[2026-03-16 00:59:36] HEARTBEAT | statuses: pending=3; running=3 | py_count=8 | py_ws_gb=0.02 | err_bytes=0
[2026-03-16 01:00:04] HEARTBEAT | statuses: pending=3; running=3 | py_ws_gb=0.04 | err_bytes=0
[2026-03-16 01:00:36] HEARTBEAT | statuses: pending=3; running=3 | py_count=8 | py_ws_gb=0.02 | err_bytes=0
[2026-03-16 01:01:06] HEARTBEAT | statuses: pending=3; running=3 | py_ws_gb=0.03 | err_bytes=0
[2026-03-16 01:01:37] HEARTBEAT | statuses: pending=3; running=3 | py_count=8 | py_ws_gb=0.04 | err_bytes=0
[2026-03-16 01:02:08] HEARTBEAT | statuses: pending=3; running=3 | py_ws_gb=0.02 | err_bytes=0
[2026-03-16 01:02:38] HEARTBEAT | statuses: pending=3; running=3 | py_count=8 | py_ws_gb=0.04 | err_bytes=0
[2026-03-16 01:03:09] HEARTBEAT | statuses: pending=3; running=3 | py_ws_gb=0.02 | err_bytes=0
[2026-03-16 01:03:39] HEARTBEAT | statuses: pending=3; running=3 | py_count=8 | py_ws_gb=0.01 | err_bytes=0
[2026-03-16 01:04:11] HEARTBEAT | statuses: pending=3; running=3 | py_ws_gb=0.04 | err_bytes=0
[2026-03-16 01:04:40] HEARTBEAT | statuses: pending=3; running=3 | py_count=8 | py_ws_gb=0.02 | err_bytes=0
[2026-03-16 01:05:12] HEARTBEAT | statuses: pending=3; running=3 | py_ws_gb=0.03 | err_bytes=0
[2026-03-16 01:05:41] HEARTBEAT | statuses: pending=3; running=3 | py_count=8 | py_ws_gb=0.02 | err_bytes=0
[2026-03-16 01:06:14] HEARTBEAT | statuses: pending=3; running=3 | py_ws_gb=0.02 | err_bytes=0
[2026-03-16 01:06:42] HEARTBEAT | statuses: pending=3; running=3 | py_count=8 | py_ws_gb=0.02 | err_bytes=0
[2026-03-16 01:07:17] HEARTBEAT | statuses: pending=3; running=3 | py_ws_gb=0.02 | err_bytes=0
[2026-03-16 01:07:43] HEARTBEAT | statuses: pending=3; running=3 | py_count=8 | py_ws_gb=0.04 | err_bytes=0
[2026-03-16 01:08:18] HEARTBEAT | statuses: pending=3; running=3 | py_ws_gb=0.02 | err_bytes=0
[2026-03-16 01:08:43] HEARTBEAT | statuses: pending=3; running=3 | py_count=8 | py_ws_gb=0.02 | err_bytes=0
[2026-03-16 01:09:20] HEARTBEAT | statuses: pending=3; running=3 | py_ws_gb=0.05 | err_bytes=0
[2026-03-16 01:09:44] HEARTBEAT | statuses: pending=3; running=3 | py_count=8 | py_ws_gb=0.02 | err_bytes=0
[2026-03-16 01:10:21] HEARTBEAT | statuses: pending=3; running=3 | py_ws_gb=0.02 | err_bytes=0
[2026-03-16 01:10:45] HEARTBEAT | statuses: pending=3; running=3 | py_count=8 | py_ws_gb=0.05 | err_bytes=0
[2026-03-16 01:11:23] HEARTBEAT | statuses: pending=3; running=3 | py_ws_gb=0.05 | err_bytes=0
[2026-03-16 01:11:46] HEARTBEAT | statuses: pending=3; running=3 | py_count=8 | py_ws_gb=0.03 | err_bytes=0
[2026-03-16 01:12:25] HEARTBEAT | statuses: pending=3; running=3 | py_ws_gb=0.04 | err_bytes=0
[2026-03-16 01:12:47] HEARTBEAT | statuses: pending=3; running=3 | py_count=8 | py_ws_gb=0 | err_bytes=0
[2026-03-16 01:13:27] HEARTBEAT | statuses: pending=3; running=3 | py_ws_gb=0.04 | err_bytes=0
[2026-03-16 01:13:48] HEARTBEAT | statuses: pending=3; running=3 | py_count=8 | py_ws_gb=0.03 | err_bytes=0
[2026-03-16 01:14:28] HEARTBEAT | statuses: pending=3; running=3 | py_ws_gb=0.03 | err_bytes=0
[2026-03-16 01:14:49] HEARTBEAT | statuses: pending=3; running=3 | py_count=8 | py_ws_gb=0.03 | err_bytes=0
[2026-03-16 01:15:31] HEARTBEAT | statuses: pending=3; running=3 | py_ws_gb=0.05 | err_bytes=0
[2026-03-16 01:15:50] HEARTBEAT | statuses: pending=3; running=3 | py_count=8 | py_ws_gb=0.03 | err_bytes=0
[2026-03-16 01:16:33] HEARTBEAT | statuses: pending=3; running=3 | py_ws_gb=0.06 | err_bytes=0
[2026-03-16 01:16:52] HEARTBEAT | statuses: pending=3; running=3 | py_count=8 | py_ws_gb=0.03 | err_bytes=0
[2026-03-16 01:17:34] HEARTBEAT | statuses: pending=3; running=3 | py_ws_gb=0.03 | err_bytes=0
[2026-03-16 01:17:52] HEARTBEAT | statuses: pending=3; running=3 | py_count=8 | py_ws_gb=0.03 | err_bytes=0
[2026-03-16 01:18:38] HEARTBEAT | statuses: pending=3; running=3 | py_ws_gb=0.58 | err_bytes=0
[2026-03-16 01:18:53] HEARTBEAT | statuses: pending=3; running=3 | py_count=8 | py_ws_gb=0.37 | err_bytes=0
[2026-03-16 01:19:39] HEARTBEAT | statuses: pending=3; running=3 | py_ws_gb=0.43 | err_bytes=0
[2026-03-16 01:19:54] HEARTBEAT | statuses: pending=3; running=3 | py_count=8 | py_ws_gb=0.06 | err_bytes=0
[2026-03-16 01:20:40] HEARTBEAT | statuses: pending=3; running=3 | py_ws_gb=0.13 | err_bytes=0
[2026-03-16 01:20:54] HEARTBEAT | statuses: pending=3; running=3 | py_count=8 | py_ws_gb=0.01 | err_bytes=0
[2026-03-16 01:21:41] HEARTBEAT | statuses: pending=3; running=3 | py_ws_gb=0.08 | err_bytes=0
[2026-03-16 01:21:55] HEARTBEAT | statuses: pending=3; running=3 | py_count=8 | py_ws_gb=0.37 | err_bytes=0
[2026-03-16 01:22:42] HEARTBEAT | statuses: pending=3; running=3 | py_ws_gb=0.44 | err_bytes=0
[2026-03-16 01:22:55] HEARTBEAT | statuses: pending=3; running=3 | py_count=8 | py_ws_gb=0.13 | err_bytes=0
[2026-03-16 01:23:43] HEARTBEAT | statuses: pending=3; running=3 | py_ws_gb=0.14 | err_bytes=0
[2026-03-16 01:23:56] HEARTBEAT | statuses: pending=3; running=3 | py_count=8 | py_ws_gb=0.02 | err_bytes=0
[2026-03-16 01:24:45] HEARTBEAT | statuses: pending=3; running=3 | py_ws_gb=0.02 | err_bytes=0
[2026-03-16 01:24:56] HEARTBEAT | statuses: pending=3; running=3 | py_count=8 | py_ws_gb=0.1 | err_bytes=0
[2026-03-16 01:25:50] HEARTBEAT | statuses: pending=3; running=3 | py_ws_gb=0.04 | err_bytes=0
[2026-03-16 01:25:57] HEARTBEAT | statuses: pending=3; running=3 | py_count=8 | py_ws_gb=0.01 | err_bytes=0
[2026-03-16 01:26:52] HEARTBEAT | statuses: pending=3; running=3 | py_ws_gb=0.02 | err_bytes=0
[2026-03-16 01:26:59] HEARTBEAT | statuses: pending=3; running=3 | py_count=8 | py_ws_gb=0 | err_bytes=0
[2026-03-16 01:27:54] HEARTBEAT | statuses: pending=3; running=3 | py_ws_gb=0.02 | err_bytes=0
[2026-03-16 01:28:02] HEARTBEAT | statuses: pending=3; running=3 | py_count=8 | py_ws_gb=0.01 | err_bytes=0
[2026-03-16 01:28:59] HEARTBEAT | statuses: pending=3; running=3 | py_ws_gb=0.01 | err_bytes=0
[2026-03-16 01:29:05] HEARTBEAT | statuses: pending=3; running=3 | py_count=8 | py_ws_gb=0.02 | err_bytes=0
[2026-03-16 01:30:02] HEARTBEAT | statuses: pending=3; running=3 | py_ws_gb=0.01 | err_bytes=0
[2026-03-16 01:30:07] HEARTBEAT | statuses: pending=3; running=3 | py_count=8 | py_ws_gb=0 | err_bytes=0
[2026-03-16 01:31:05] HEARTBEAT | statuses: pending=3; running=3 | py_ws_gb=0.03 | err_bytes=0
[2026-03-16 01:31:08] HEARTBEAT | statuses: pending=3; running=3 | py_count=8 | py_ws_gb=0.01 | err_bytes=0
[2026-03-16 01:32:06] HEARTBEAT | statuses: pending=3; running=3 | py_ws_gb=0.02 | err_bytes=0
[2026-03-16 01:32:10] HEARTBEAT | statuses: pending=3; running=3 | py_count=8 | py_ws_gb=0.01 | err_bytes=0
[2026-03-16 01:33:09] HEARTBEAT | statuses: pending=3; running=3 | py_ws_gb=0.02 | err_bytes=0
[2026-03-16 01:33:11] HEARTBEAT | statuses: pending=3; running=3 | py_count=8 | py_ws_gb=0.02 | err_bytes=0
[2026-03-16 01:34:12] HEARTBEAT | statuses: pending=3; running=3 | py_ws_gb=0.01 | err_bytes=0
[2026-03-16 01:34:14] HEARTBEAT | statuses: pending=3; running=3 | py_count=8 | py_ws_gb=0.01 | err_bytes=0
[2026-03-16 01:35:15] HEARTBEAT | statuses: pending=3; running=3 | py_ws_gb=0.01 | err_bytes=0
[2026-03-16 01:35:17] HEARTBEAT | statuses: pending=3; running=3 | py_count=8 | py_ws_gb=0.01 | err_bytes=0
[2026-03-16 01:36:18] HEARTBEAT | statuses: pending=3; running=3 | py_ws_gb=0.04 | err_bytes=0
[2026-03-16 01:36:23] HEARTBEAT | statuses: pending=3; running=3 | py_count=8 | py_ws_gb=0 | err_bytes=0
[2026-03-16 01:37:21] HEARTBEAT | statuses: pending=3; running=3 | py_ws_gb=0.01 | err_bytes=0
[2026-03-16 01:37:25] HEARTBEAT | statuses: pending=3; running=3 | py_count=8 | py_ws_gb=0 | err_bytes=0
[2026-03-16 01:38:23] HEARTBEAT | statuses: pending=3; running=3 | py_ws_gb=0.01 | err_bytes=0
[2026-03-16 01:38:30] HEARTBEAT | statuses: pending=3; running=3 | py_count=8 | py_ws_gb=0.01 | err_bytes=0
[2026-03-16 01:39:32] HEARTBEAT | statuses: pending=3; running=3 | py_count=8 | py_ws_gb=0.01 | err_bytes=0
[2026-03-16 01:39:31] HEARTBEAT | statuses: pending=3; running=3 | py_ws_gb=0.02 | err_bytes=0
[2026-03-16 01:40:34] HEARTBEAT | statuses: pending=3; running=3 | py_count=8 | py_ws_gb=0.01 | err_bytes=0
[2026-03-16 01:40:34] HEARTBEAT | statuses: pending=3; running=3 | py_ws_gb=0.01 | err_bytes=0
[2026-03-16 01:41:37] HEARTBEAT | statuses: pending=3; running=3 | py_count=8 | py_ws_gb=0.01 | err_bytes=0
[2026-03-16 01:41:39] HEARTBEAT | statuses: pending=3; running=3 | py_ws_gb=0.01 | err_bytes=0
[2026-03-16 01:42:39] HEARTBEAT | statuses: pending=3; running=3 | py_count=8 | py_ws_gb=0.01 | err_bytes=0
[2026-03-16 01:42:41] HEARTBEAT | statuses: pending=3; running=3 | py_ws_gb=0.02 | err_bytes=0
[2026-03-16 01:43:40] HEARTBEAT | statuses: pending=3; running=3 | py_count=8 | py_ws_gb=0.01 | err_bytes=0
[2026-03-16 01:43:43] HEARTBEAT | statuses: pending=3; running=3 | py_ws_gb=0.02 | err_bytes=0
[2026-03-16 01:44:42] HEARTBEAT | statuses: pending=3; running=3 | py_count=8 | py_ws_gb=0.02 | err_bytes=0
[2026-03-16 01:44:46] HEARTBEAT | statuses: pending=3; running=3 | py_ws_gb=0.02 | err_bytes=0
[2026-03-16 01:45:42] HEARTBEAT | statuses: pending=3; running=3 | py_count=8 | py_ws_gb=0.04 | err_bytes=0
[2026-03-16 01:45:48] HEARTBEAT | statuses: pending=3; running=3 | py_ws_gb=0.04 | err_bytes=0
[2026-03-16 01:46:42] HEARTBEAT | statuses: pending=3; running=3 | py_count=8 | py_ws_gb=0.16 | err_bytes=0
[2026-03-16 01:46:49] HEARTBEAT | statuses: pending=3; running=3 | py_ws_gb=0.11 | err_bytes=0
[2026-03-16 01:47:43] HEARTBEAT | statuses: pending=3; running=3 | py_count=8 | py_ws_gb=0.01 | err_bytes=0
[2026-03-16 01:47:50] HEARTBEAT | statuses: pending=3; running=3 | py_ws_gb=0.07 | err_bytes=0
[2026-03-16 01:48:44] HEARTBEAT | statuses: pending=3; running=3 | py_count=8 | py_ws_gb=0.03 | err_bytes=0
[2026-03-16 01:48:51] HEARTBEAT | statuses: pending=3; running=3 | py_ws_gb=0.05 | err_bytes=0
[2026-03-16 01:49:45] HEARTBEAT | statuses: pending=3; running=3 | py_count=8 | py_ws_gb=0.04 | err_bytes=0
[2026-03-16 01:49:52] HEARTBEAT | statuses: pending=3; running=3 | py_ws_gb=0.07 | err_bytes=0
[2026-03-16 01:50:46] HEARTBEAT | statuses: pending=3; running=3 | py_count=8 | py_ws_gb=0.03 | err_bytes=0
[2026-03-16 01:50:54] HEARTBEAT | statuses: pending=3; running=3 | py_ws_gb=0.04 | err_bytes=0
[2026-03-16 01:51:46] HEARTBEAT | statuses: pending=3; running=3 | py_count=8 | py_ws_gb=0.01 | err_bytes=0
[2026-03-16 01:51:55] HEARTBEAT | statuses: pending=3; running=3 | py_ws_gb=0.05 | err_bytes=0
[2026-03-16 01:52:47] HEARTBEAT | statuses: pending=3; running=3 | py_count=8 | py_ws_gb=0.05 | err_bytes=0
[2026-03-16 01:52:57] HEARTBEAT | statuses: pending=3; running=3 | py_ws_gb=0.02 | err_bytes=0
[2026-03-16 01:53:48] HEARTBEAT | statuses: pending=3; running=3 | py_count=8 | py_ws_gb=0.01 | err_bytes=0
[2026-03-16 01:53:58] HEARTBEAT | statuses: pending=3; running=3 | py_ws_gb=0.03 | err_bytes=0
[2026-03-16 01:54:48] HEARTBEAT | statuses: pending=3; running=3 | py_count=8 | py_ws_gb=0.02 | err_bytes=0
[2026-03-16 01:54:59] HEARTBEAT | statuses: pending=3; running=3 | py_ws_gb=0.02 | err_bytes=0
[2026-03-16 01:55:50] HEARTBEAT | statuses: pending=3; running=3 | py_count=8 | py_ws_gb=0.02 | err_bytes=0
[2026-03-16 01:56:01] HEARTBEAT | statuses: pending=3; running=3 | py_ws_gb=0.03 | err_bytes=0
[2026-03-16 01:56:51] HEARTBEAT | statuses: pending=3; running=3 | py_count=8 | py_ws_gb=0.03 | err_bytes=0
[2026-03-16 01:57:03] HEARTBEAT | statuses: pending=3; running=3 | py_ws_gb=0.04 | err_bytes=0
[2026-03-16 01:57:52] HEARTBEAT | statuses: pending=3; running=3 | py_count=8 | py_ws_gb=0.31 | err_bytes=0
[2026-03-16 01:58:05] HEARTBEAT | statuses: pending=3; running=3 | py_ws_gb=0.06 | err_bytes=0
[2026-03-16 01:58:52] HEARTBEAT | statuses: pending=3; running=3 | py_count=8 | py_ws_gb=0.03 | err_bytes=0
[2026-03-16 01:59:06] HEARTBEAT | statuses: pending=3; running=3 | py_ws_gb=0.07 | err_bytes=0
[2026-03-16 01:59:53] HEARTBEAT | statuses: pending=3; running=3 | py_count=8 | py_ws_gb=0.02 | err_bytes=0
[2026-03-16 02:00:07] HEARTBEAT | statuses: pending=3; running=3 | py_ws_gb=0.07 | err_bytes=0
[2026-03-16 02:00:54] HEARTBEAT | statuses: pending=3; running=3 | py_count=8 | py_ws_gb=0.04 | err_bytes=0
[2026-03-16 02:01:08] HEARTBEAT | statuses: pending=3; running=3 | py_ws_gb=0.03 | err_bytes=0
[2026-03-16 02:01:55] HEARTBEAT | statuses: pending=3; running=3 | py_count=8 | py_ws_gb=0.03 | err_bytes=0
[2026-03-16 02:02:09] HEARTBEAT | statuses: pending=3; running=3 | py_ws_gb=0.04 | err_bytes=0
[2026-03-16 02:02:55] HEARTBEAT | statuses: pending=3; running=3 | py_count=8 | py_ws_gb=0.02 | err_bytes=0
[2026-03-16 02:03:11] HEARTBEAT | statuses: pending=3; running=3 | py_ws_gb=0.09 | err_bytes=0
[2026-03-16 02:03:56] HEARTBEAT | statuses: pending=3; running=3 | py_count=8 | py_ws_gb=0.02 | err_bytes=0
[2026-03-16 02:04:12] HEARTBEAT | statuses: pending=3; running=3 | py_ws_gb=0.06 | err_bytes=0
[2026-03-16 02:04:57] HEARTBEAT | statuses: pending=3; running=3 | py_count=8 | py_ws_gb=0.02 | err_bytes=0
[2026-03-16 02:05:13] HEARTBEAT | statuses: pending=3; running=3 | py_ws_gb=0.06 | err_bytes=0
[2026-03-16 02:05:57] HEARTBEAT | statuses: pending=3; running=3 | py_count=8 | py_ws_gb=0.23 | err_bytes=0
[2026-03-16 02:06:14] HEARTBEAT | statuses: pending=3; running=3 | py_ws_gb=0.02 | err_bytes=0
[2026-03-16 02:06:58] HEARTBEAT | statuses: pending=3; running=3 | py_count=8 | py_ws_gb=0.13 | err_bytes=0
[2026-03-16 02:07:16] HEARTBEAT | statuses: pending=3; running=3 | py_ws_gb=0.04 | err_bytes=0
[2026-03-16 02:07:58] HEARTBEAT | statuses: pending=3; running=3 | py_count=8 | py_ws_gb=0.04 | err_bytes=0
[2026-03-16 02:08:17] HEARTBEAT | statuses: pending=3; running=3 | py_ws_gb=0.04 | err_bytes=0
[2026-03-16 02:08:59] HEARTBEAT | statuses: pending=3; running=3 | py_count=8 | py_ws_gb=0.03 | err_bytes=0
[2026-03-16 02:09:18] HEARTBEAT | statuses: pending=3; running=3 | py_ws_gb=0.03 | err_bytes=0
[2026-03-16 02:09:59] HEARTBEAT | statuses: pending=3; running=3 | py_count=8 | py_ws_gb=0.01 | err_bytes=0
[2026-03-16 02:10:20] HEARTBEAT | statuses: pending=3; running=3 | py_ws_gb=0.03 | err_bytes=0
[2026-03-16 02:11:01] HEARTBEAT | statuses: pending=3; running=3 | py_count=8 | py_ws_gb=0 | err_bytes=0
[2026-03-16 02:11:22] HEARTBEAT | statuses: pending=3; running=3 | py_ws_gb=0.02 | err_bytes=0
[2026-03-16 02:12:02] HEARTBEAT | statuses: pending=3; running=3 | py_count=8 | py_ws_gb=0.02 | err_bytes=0
[2026-03-16 02:12:23] HEARTBEAT | statuses: pending=3; running=3 | py_ws_gb=0.05 | err_bytes=0
[2026-03-16 02:13:03] HEARTBEAT | statuses: pending=3; running=3 | py_count=8 | py_ws_gb=0.06 | err_bytes=0
[2026-03-16 02:13:25] HEARTBEAT | statuses: pending=3; running=3 | py_ws_gb=0.05 | err_bytes=0
[2026-03-16 02:14:03] HEARTBEAT | statuses: pending=3; running=3 | py_count=8 | py_ws_gb=0.02 | err_bytes=0
[2026-03-16 02:14:27] HEARTBEAT | statuses: pending=3; running=3 | py_ws_gb=0.06 | err_bytes=0
[2026-03-16 02:15:05] HEARTBEAT | statuses: pending=3; running=3 | py_count=8 | py_ws_gb=0.05 | err_bytes=0
[2026-03-16 02:15:28] HEARTBEAT | statuses: pending=3; running=3 | py_ws_gb=0.10 | err_bytes=0
[2026-03-16 02:16:05] HEARTBEAT | statuses: pending=3; running=3 | py_count=8 | py_ws_gb=0.31 | err_bytes=0
[2026-03-16 02:16:29] HEARTBEAT | statuses: pending=3; running=3 | py_ws_gb=0.01 | err_bytes=0
[2026-03-16 02:17:06] HEARTBEAT | statuses: pending=3; running=3 | py_count=8 | py_ws_gb=0.01 | err_bytes=0
[2026-03-16 02:17:31] HEARTBEAT | statuses: pending=3; running=3 | py_ws_gb=0.03 | err_bytes=0
[2026-03-16 02:18:07] HEARTBEAT | statuses: pending=3; running=3 | py_count=8 | py_ws_gb=0.03 | err_bytes=0
[2026-03-16 02:18:32] HEARTBEAT | statuses: pending=3; running=3 | py_ws_gb=0.05 | err_bytes=0
[2026-03-16 02:19:07] HEARTBEAT | statuses: pending=3; running=3 | py_count=8 | py_ws_gb=0.22 | err_bytes=0
[2026-03-16 02:19:33] HEARTBEAT | statuses: pending=3; running=3 | py_ws_gb=0.14 | err_bytes=0
[2026-03-16 02:20:08] HEARTBEAT | statuses: pending=3; running=3 | py_count=8 | py_ws_gb=0.2 | err_bytes=0
[2026-03-16 02:20:34] HEARTBEAT | statuses: pending=3; running=3 | py_ws_gb=0.05 | err_bytes=0
[2026-03-16 02:21:08] HEARTBEAT | statuses: pending=3; running=3 | py_count=8 | py_ws_gb=0.14 | err_bytes=0
[2026-03-16 02:21:36] HEARTBEAT | statuses: pending=3; running=3 | py_ws_gb=0.65 | err_bytes=0
[2026-03-16 02:22:08] HEARTBEAT | statuses: pending=3; running=3 | py_count=8 | py_ws_gb=0.12 | err_bytes=0
[2026-03-16 02:22:37] HEARTBEAT | statuses: pending=3; running=3 | py_ws_gb=0.30 | err_bytes=0
[2026-03-16 02:23:09] HEARTBEAT | statuses: pending=3; running=3 | py_count=8 | py_ws_gb=0.2 | err_bytes=0
[2026-03-16 02:23:38] HEARTBEAT | statuses: pending=3; running=3 | py_ws_gb=0.53 | err_bytes=0
[2026-03-16 02:24:09] HEARTBEAT | statuses: pending=3; running=3 | py_count=8 | py_ws_gb=0.27 | err_bytes=0
[2026-03-16 02:24:39] HEARTBEAT | statuses: pending=3; running=3 | py_ws_gb=0.02 | err_bytes=0
[2026-03-16 02:25:11] HEARTBEAT | statuses: pending=3; running=3 | py_count=8 | py_ws_gb=0.07 | err_bytes=0
[2026-03-16 02:25:41] HEARTBEAT | statuses: pending=3; running=3 | py_ws_gb=0.19 | err_bytes=0
[2026-03-16 02:26:11] HEARTBEAT | statuses: pending=3; running=3 | py_count=8 | py_ws_gb=0.26 | err_bytes=0
[2026-03-16 02:26:42] HEARTBEAT | statuses: pending=3; running=3 | py_ws_gb=0.50 | err_bytes=0
[2026-03-16 02:27:11] HEARTBEAT | statuses: pending=3; running=3 | py_count=8 | py_ws_gb=0.82 | err_bytes=0
[2026-03-16 02:27:43] HEARTBEAT | statuses: pending=3; running=3 | py_ws_gb=0.83 | err_bytes=0
[2026-03-16 02:28:12] HEARTBEAT | statuses: pending=3; running=3 | py_count=8 | py_ws_gb=0.62 | err_bytes=0
[2026-03-16 02:28:44] HEARTBEAT | statuses: pending=3; running=3 | py_ws_gb=1.18 | err_bytes=0
[2026-03-16 02:29:12] HEARTBEAT | statuses: pending=3; running=3 | py_count=8 | py_ws_gb=0.53 | err_bytes=0
[2026-03-16 02:29:45] HEARTBEAT | statuses: pending=3; running=3 | py_ws_gb=0.54 | err_bytes=0
[2026-03-16 02:30:12] HEARTBEAT | statuses: pending=3; running=3 | py_count=8 | py_ws_gb=1.21 | err_bytes=0
[2026-03-16 02:30:46] HEARTBEAT | statuses: pending=3; running=3 | py_ws_gb=0.40 | err_bytes=0
[2026-03-16 02:31:13] HEARTBEAT | statuses: pending=3; running=3 | py_count=8 | py_ws_gb=0.66 | err_bytes=0
[2026-03-16 02:31:47] HEARTBEAT | statuses: pending=3; running=3 | py_ws_gb=0.01 | err_bytes=0
[2026-03-16 02:32:13] HEARTBEAT | statuses: pending=3; running=3 | py_count=8 | py_ws_gb=0.13 | err_bytes=0
[2026-03-16 02:32:48] HEARTBEAT | statuses: pending=3; running=3 | py_ws_gb=0.08 | err_bytes=0
[2026-03-16 02:33:14] HEARTBEAT | statuses: pending=3; running=3 | py_count=8 | py_ws_gb=0.05 | err_bytes=0
[2026-03-16 02:33:49] HEARTBEAT | statuses: pending=3; running=3 | py_ws_gb=0.02 | err_bytes=0
[2026-03-16 02:34:15] HEARTBEAT | statuses: pending=3; running=3 | py_count=8 | py_ws_gb=0.03 | err_bytes=0
[2026-03-16 02:34:50] HEARTBEAT | statuses: pending=3; running=3 | py_ws_gb=0.02 | err_bytes=0
[2026-03-16 02:35:15] HEARTBEAT | statuses: pending=3; running=3 | py_count=8 | py_ws_gb=0.02 | err_bytes=0
[2026-03-16 02:35:52] HEARTBEAT | statuses: pending=3; running=3 | py_ws_gb=0.07 | err_bytes=0
[2026-03-16 02:36:16] HEARTBEAT | statuses: pending=3; running=3 | py_count=8 | py_ws_gb=0.04 | err_bytes=0
[2026-03-16 02:36:53] HEARTBEAT | statuses: pending=3; running=3 | py_ws_gb=0.04 | err_bytes=0
[2026-03-16 02:37:16] HEARTBEAT | statuses: pending=3; running=3 | py_count=8 | py_ws_gb=0.01 | err_bytes=0
[2026-03-16 02:37:54] HEARTBEAT | statuses: pending=3; running=3 | py_ws_gb=0.04 | err_bytes=0
[2026-03-16 02:38:17] HEARTBEAT | statuses: pending=3; running=3 | py_count=8 | py_ws_gb=0.09 | err_bytes=0
[2026-03-16 02:38:56] HEARTBEAT | statuses: pending=3; running=3 | py_ws_gb=0.05 | err_bytes=0
[2026-03-16 02:39:17] HEARTBEAT | statuses: pending=3; running=3 | py_count=8 | py_ws_gb=0.03 | err_bytes=0
[2026-03-16 02:39:57] HEARTBEAT | statuses: pending=3; running=3 | py_ws_gb=0.06 | err_bytes=0
[2026-03-16 02:40:18] HEARTBEAT | statuses: pending=3; running=3 | py_count=8 | py_ws_gb=0.01 | err_bytes=0
[2026-03-16 02:40:59] HEARTBEAT | statuses: pending=3; running=3 | py_ws_gb=0.03 | err_bytes=0
[2026-03-16 02:41:19] HEARTBEAT | statuses: pending=3; running=3 | py_count=8 | py_ws_gb=0.04 | err_bytes=0
[2026-03-16 02:42:01] HEARTBEAT | statuses: pending=3; running=3 | py_ws_gb=0.08 | err_bytes=0
[2026-03-16 02:42:20] HEARTBEAT | statuses: pending=3; running=3 | py_count=8 | py_ws_gb=0.53 | err_bytes=0
[2026-03-16 02:43:02] HEARTBEAT | statuses: pending=3; running=3 | py_ws_gb=0.14 | err_bytes=0
[2026-03-16 02:43:20] HEARTBEAT | statuses: pending=3; running=3 | py_count=8 | py_ws_gb=0.06 | err_bytes=0
[2026-03-16 02:44:04] HEARTBEAT | statuses: pending=3; running=3 | py_ws_gb=0.03 | err_bytes=0
[2026-03-16 02:44:20] HEARTBEAT | statuses: pending=3; running=3 | py_count=8 | py_ws_gb=0.03 | err_bytes=0
[2026-03-16 02:45:07] HEARTBEAT | statuses: pending=3; running=3 | py_ws_gb=0.11 | err_bytes=0
[2026-03-16 02:45:21] HEARTBEAT | statuses: pending=3; running=3 | py_count=8 | py_ws_gb=0.13 | err_bytes=0
[2026-03-16 02:46:08] HEARTBEAT | statuses: pending=3; running=3 | py_ws_gb=0.09 | err_bytes=0
[2026-03-16 02:46:22] HEARTBEAT | statuses: pending=3; running=3 | py_count=8 | py_ws_gb=0.09 | err_bytes=0
[2026-03-16 02:47:09] HEARTBEAT | statuses: pending=3; running=3 | py_ws_gb=0.11 | err_bytes=0
[2026-03-16 02:47:22] HEARTBEAT | statuses: pending=3; running=3 | py_count=8 | py_ws_gb=0.05 | err_bytes=0
[2026-03-16 02:48:10] HEARTBEAT | statuses: pending=3; running=3 | py_ws_gb=0.09 | err_bytes=0
[2026-03-16 02:48:23] HEARTBEAT | statuses: pending=3; running=3 | py_count=8 | py_ws_gb=0.06 | err_bytes=0
[2026-03-16 02:49:11] HEARTBEAT | statuses: pending=3; running=3 | py_ws_gb=0.07 | err_bytes=0
[2026-03-16 02:49:23] HEARTBEAT | statuses: pending=3; running=3 | py_count=8 | py_ws_gb=0.04 | err_bytes=0
[2026-03-16 02:50:12] HEARTBEAT | statuses: pending=3; running=3 | py_ws_gb=0.13 | err_bytes=0
[2026-03-16 02:50:23] HEARTBEAT | statuses: pending=3; running=3 | py_count=8 | py_ws_gb=0.11 | err_bytes=0
[2026-03-16 02:51:13] HEARTBEAT | statuses: pending=3; running=3 | py_ws_gb=0.02 | err_bytes=0
[2026-03-16 02:51:24] HEARTBEAT | statuses: pending=3; running=3 | py_count=8 | py_ws_gb=0.08 | err_bytes=0
[2026-03-16 02:52:14] HEARTBEAT | statuses: pending=3; running=3 | py_ws_gb=0.28 | err_bytes=0
[2026-03-16 02:52:24] HEARTBEAT | statuses: pending=3; running=3 | py_count=8 | py_ws_gb=0.22 | err_bytes=0
[2026-03-16 02:53:16] HEARTBEAT | statuses: pending=3; running=3 | py_ws_gb=0.02 | err_bytes=0
[2026-03-16 02:53:25] HEARTBEAT | statuses: pending=3; running=3 | py_count=8 | py_ws_gb=0.03 | err_bytes=0
[2026-03-16 02:54:17] HEARTBEAT | statuses: pending=3; running=3 | py_ws_gb=0.15 | err_bytes=0
[2026-03-16 02:54:25] HEARTBEAT | statuses: pending=3; running=3 | py_count=8 | py_ws_gb=0.3 | err_bytes=0
[2026-03-16 02:55:18] HEARTBEAT | statuses: pending=3; running=3 | py_ws_gb=0.05 | err_bytes=0
[2026-03-16 02:55:25] HEARTBEAT | statuses: pending=3; running=3 | py_count=8 | py_ws_gb=0.07 | err_bytes=0
[2026-03-16 02:56:20] HEARTBEAT | statuses: pending=3; running=3 | py_ws_gb=0.06 | err_bytes=0
[2026-03-16 02:56:26] HEARTBEAT | statuses: pending=3; running=3 | py_count=8 | py_ws_gb=0.05 | err_bytes=0
[2026-03-16 02:57:21] HEARTBEAT | statuses: pending=3; running=3 | py_ws_gb=0.04 | err_bytes=0
[2026-03-16 02:57:26] HEARTBEAT | statuses: pending=3; running=3 | py_count=8 | py_ws_gb=0.04 | err_bytes=0
[2026-03-16 02:58:22] HEARTBEAT | statuses: pending=3; running=3 | py_ws_gb=0.13 | err_bytes=0
[2026-03-16 02:58:27] HEARTBEAT | statuses: pending=3; running=3 | py_count=8 | py_ws_gb=0.03 | err_bytes=0
[2026-03-16 02:59:24] HEARTBEAT | statuses: pending=3; running=3 | py_ws_gb=0.27 | err_bytes=0
[2026-03-16 02:59:29] HEARTBEAT | statuses: pending=3; running=3 | py_count=8 | py_ws_gb=0.03 | err_bytes=0
