Traceback (most recent call last):
  File "<string>", line 1, in <module>
Traceback (most recent call last):
  File "<string>", line 1, in <module>
  File "D:\Anaconda3\lib\multiprocessing\spawn.py", line 116, in spawn_main
  File "D:\Anaconda3\lib\multiprocessing\spawn.py", line 116, in spawn_main
    exitcode = _main(fd, parent_sentinel)
    exitcode = _main(fd, parent_sentinel)
  File "D:\Anaconda3\lib\multiprocessing\spawn.py", line 125, in _main
  File "D:\Anaconda3\lib\multiprocessing\spawn.py", line 125, in _main
    prepare(preparation_data)
    prepare(preparation_data)
  File "D:\Anaconda3\lib\multiprocessing\spawn.py", line 236, in prepare
  File "D:\Anaconda3\lib\multiprocessing\spawn.py", line 236, in prepare
    _fixup_main_from_path(data['init_main_from_path'])
  File "D:\Anaconda3\lib\multiprocessing\spawn.py", line 287, in _fixup_main_from_path
    _fixup_main_from_path(data['init_main_from_path'])
  File "D:\Anaconda3\lib\multiprocessing\spawn.py", line 287, in _fixup_main_from_path
    main_content = runpy.run_path(main_path,
  File "D:\Anaconda3\lib\runpy.py", line 268, in run_path
    main_content = runpy.run_path(main_path,
  File "D:\Anaconda3\lib\runpy.py", line 268, in run_path
    return _run_module_code(code, init_globals, run_name,
    return _run_module_code(code, init_globals, run_name,
  File "D:\Anaconda3\lib\runpy.py", line 97, in _run_module_code
  File "D:\Anaconda3\lib\runpy.py", line 97, in _run_module_code
    _run_code(code, mod_globals, init_globals,
  File "D:\Anaconda3\lib\runpy.py", line 87, in _run_code
    _run_code(code, mod_globals, init_globals,
  File "D:\Anaconda3\lib\runpy.py", line 87, in _run_code
    exec(code, run_globals)
    exec(code, run_globals)
  File "D:\袤醱\CXP\20260311 (2)\20260311\outputs\data1_formal_fullcpu_20260313.py", line 17, in <module>
  File "D:\袤醱\CXP\20260311 (2)\20260311\outputs\data1_formal_fullcpu_20260313.py", line 17, in <module>
    run_stepF(cfg)
  File "D:\袤醱\CXP\20260311 (2)\20260311\src\inrp\runner.py", line 612, in run_stepF
    run_stepF(cfg)
  File "D:\袤醱\CXP\20260311 (2)\20260311\src\inrp\runner.py", line 612, in run_stepF
    futures = [
  File "D:\袤醱\CXP\20260311 (2)\20260311\src\inrp\runner.py", line 613, in <listcomp>
    futures = [
  File "D:\袤醱\CXP\20260311 (2)\20260311\src\inrp\runner.py", line 613, in <listcomp>
    ex.submit(
  File "D:\Anaconda3\lib\concurrent\futures\process.py", line 697, in submit
    ex.submit(
  File "D:\Anaconda3\lib\concurrent\futures\process.py", line 697, in submit
    self._adjust_process_count()
  File "D:\Anaconda3\lib\concurrent\futures\process.py", line 675, in _adjust_process_count
    self._adjust_process_count()
  File "D:\Anaconda3\lib\concurrent\futures\process.py", line 675, in _adjust_process_count
    p.start()
  File "D:\Anaconda3\lib\multiprocessing\process.py", line 121, in start
    p.start()
  File "D:\Anaconda3\lib\multiprocessing\process.py", line 121, in start
    self._popen = self._Popen(self)
  File "D:\Anaconda3\lib\multiprocessing\context.py", line 327, in _Popen
    self._popen = self._Popen(self)
  File "D:\Anaconda3\lib\multiprocessing\context.py", line 327, in _Popen
    return Popen(process_obj)
    return Popen(process_obj)
  File "D:\Anaconda3\lib\multiprocessing\popen_spawn_win32.py", line 45, in __init__
  File "D:\Anaconda3\lib\multiprocessing\popen_spawn_win32.py", line 45, in __init__
    prep_data = spawn.get_preparation_data(process_obj._name)
    prep_data = spawn.get_preparation_data(process_obj._name)
  File "D:\Anaconda3\lib\multiprocessing\spawn.py", line 154, in get_preparation_data
  File "D:\Anaconda3\lib\multiprocessing\spawn.py", line 154, in get_preparation_data
    _check_not_importing_main()
  File "D:\Anaconda3\lib\multiprocessing\spawn.py", line 134, in _check_not_importing_main
    _check_not_importing_main()
  File "D:\Anaconda3\lib\multiprocessing\spawn.py", line 134, in _check_not_importing_main
    raise RuntimeError('''
RuntimeError: 
        An attempt has been made to start a new process before the
        current process has finished its bootstrapping phase.

        This probably means that you are not using fork to start your
        child processes and you have forgotten to use the proper idiom
        in the main module:

            if __name__ == '__main__':
                freeze_support()
                ...

        The "freeze_support()" line can be omitted if the program
        is not going to be frozen to produce an executable.
    raise RuntimeError('''
RuntimeError: 
        An attempt has been made to start a new process before the
        current process has finished its bootstrapping phase.

        This probably means that you are not using fork to start your
        child processes and you have forgotten to use the proper idiom
        in the main module:

            if __name__ == '__main__':
                freeze_support()
                ...

        The "freeze_support()" line can be omitted if the program
        is not going to be frozen to produce an executable.
Traceback (most recent call last):
  File "D:\袤醱\CXP\20260311 (2)\20260311\outputs\data1_formal_fullcpu_20260313.py", line 17, in <module>
    run_stepF(cfg)
  File "D:\袤醱\CXP\20260311 (2)\20260311\src\inrp\runner.py", line 624, in run_stepF
    row = fut.result()
  File "D:\Anaconda3\lib\concurrent\futures\_base.py", line 438, in result
    return self.__get_result()
  File "D:\Anaconda3\lib\concurrent\futures\_base.py", line 390, in __get_result
    raise self._exception
concurrent.futures.process.BrokenProcessPool: A process in the process pool was terminated abruptly while the future was running or pending.
